This file contains any messages produced by compilers while
running configure, to aid debugging if configure makes a mistake.

It was created by libwired configure 1.0, which was
generated by GNU Autoconf 2.69.  Invocation command line was

  $ ./configure --disable-option-checking --prefix=/usr/local --build=aarch64 --host=aarch64 --enable-all --with-fake-prefix=/Library --with-wireddir=Wired --with-user=luigi --with-group=staff build_alias=aarch64 host_alias=aarch64 LDFLAGS=-L/Users/luigi/Library/Developer/Xcode/DerivedData/WiredServer-diuxyepkbhfpstdsraxdsmljpked/SourcePackages/checkouts/OpenSSL/macosx/lib CPPFLAGS=-I/Users/luigi/Library/Developer/Xcode/DerivedData/WiredServer-diuxyepkbhfpstdsraxdsmljpked/SourcePackages/checkouts/OpenSSL/macosx/include --enable-pthreads --enable-libxml2 --enable-sqlite3 --enable-p7 --with-rundir=../run/libwired --with-objdir=../obj --cache-file=/dev/null --srcdir=.

## --------- ##
## Platform. ##
## --------- ##

hostname = M2-3.fritz.box
uname -m = arm64
uname -r = 23.3.0
uname -s = Darwin
uname -v = Darwin Kernel Version 23.3.0: Wed Dec 20 21:31:00 PST 2023; root:xnu-10002.81.5~7/RELEASE_ARM64_T6020

/usr/bin/uname -p = arm
/bin/uname -X     = unknown

/bin/arch              = unknown
/usr/bin/arch -k       = unknown
/usr/convex/getsysinfo = unknown
/usr/bin/hostinfo      = Mach kernel version:
	 Darwin Kernel Version 23.3.0: Wed Dec 20 21:31:00 PST 2023; root:xnu-10002.81.5~7/RELEASE_ARM64_T6020
Kernel configured for up to 12 processors.
12 processors are physically available.
12 processors are logically available.
Processor type: arm64e (ARM64E)
Processors active: 0 1 2 3 4 5 6 7 8 9 10 11
Primary memory available: 32.00 gigabytes
Default processor set: 947 tasks, 4897 threads, 12 processors
Load average: 3.09, Mach factor: 9.18
/bin/machine           = unknown
/usr/bin/oslevel       = unknown
/bin/universe          = unknown

PATH: /Applications/Xcode.app/Contents/Developer/Library/Xcode/Plug-ins/XCBSpecifications.ideplugin/Contents/Resources
PATH: /Applications/Xcode.app/Contents/Developer/Library/Xcode/Plug-ins/XCBSpecifications.ideplugin
PATH: /Applications/Xcode.app/Contents/Developer/Toolchains/XcodeDefault.xctoolchain/usr/bin
PATH: /Applications/Xcode.app/Contents/Developer/Toolchains/XcodeDefault.xctoolchain/usr/appleinternal/bin
PATH: /Applications/Xcode.app/Contents/Developer/Toolchains/XcodeDefault.xctoolchain/usr/local/bin
PATH: /Applications/Xcode.app/Contents/Developer/Toolchains/XcodeDefault.xctoolchain/usr/libexec
PATH: /Applications/Xcode.app/Contents/Developer/Platforms/MacOSX.platform/usr/bin
PATH: /Applications/Xcode.app/Contents/Developer/Platforms/MacOSX.platform/usr/appleinternal/bin
PATH: /Applications/Xcode.app/Contents/Developer/Platforms/MacOSX.platform/usr/local/bin
PATH: /Applications/Xcode.app/Contents/Developer/Platforms/MacOSX.platform/Developer/usr/bin
PATH: /Applications/Xcode.app/Contents/Developer/Platforms/MacOSX.platform/Developer/usr/local/bin
PATH: /Applications/Xcode.app/Contents/Developer/usr/bin
PATH: /Applications/Xcode.app/Contents/Developer/usr/local/bin
PATH: /usr/local/bin
PATH: /usr/bin
PATH: /bin
PATH: /usr/sbin
PATH: /sbin


## ----------- ##
## Core tests. ##
## ----------- ##

configure:2430: checking build system type
configure:2444: result: aarch64-unknown-none
configure:2464: checking host system type
configure:2477: result: aarch64-unknown-none
configure:2519: checking for aarch64-gcc
configure:2549: result: no
configure:2559: checking for gcc
configure:2575: found /Applications/Xcode.app/Contents/Developer/usr/bin/gcc
configure:2586: result: gcc
configure:2815: checking for C compiler version
configure:2824: gcc --version >&5
Apple clang version 15.0.0 (clang-1500.1.0.2.5)
Target: arm64-apple-darwin23.3.0
Thread model: posix
InstalledDir: /Applications/Xcode.app/Contents/Developer/Toolchains/XcodeDefault.xctoolchain/usr/bin
configure:2835: $? = 0
configure:2824: gcc -v >&5
Apple clang version 15.0.0 (clang-1500.1.0.2.5)
Target: arm64-apple-darwin23.3.0
Thread model: posix
InstalledDir: /Applications/Xcode.app/Contents/Developer/Toolchains/XcodeDefault.xctoolchain/usr/bin
configure:2835: $? = 0
configure:2824: gcc -V >&5
clang: error: argument to '-V' is missing (expected 1 value)
clang: error: no input files
configure:2835: $? = 1
configure:2824: gcc -qversion >&5
clang: error: unknown argument '-qversion'; did you mean '--version'?
clang: error: no input files
configure:2835: $? = 1
configure:2855: checking whether the C compiler works
configure:2877: gcc  -I/Users/luigi/Library/Developer/Xcode/DerivedData/WiredServer-diuxyepkbhfpstdsraxdsmljpked/SourcePackages/checkouts/OpenSSL/macosx/include -L/Users/luigi/Library/Developer/Xcode/DerivedData/WiredServer-diuxyepkbhfpstdsraxdsmljpked/SourcePackages/checkouts/OpenSSL/macosx/lib conftest.c  >&5
configure:2881: $? = 0
configure:2929: result: yes
configure:2932: checking for C compiler default output file name
configure:2934: result: a.out
configure:2940: checking for suffix of executables
configure:2947: gcc -o conftest  -I/Users/luigi/Library/Developer/Xcode/DerivedData/WiredServer-diuxyepkbhfpstdsraxdsmljpked/SourcePackages/checkouts/OpenSSL/macosx/include -L/Users/luigi/Library/Developer/Xcode/DerivedData/WiredServer-diuxyepkbhfpstdsraxdsmljpked/SourcePackages/checkouts/OpenSSL/macosx/lib conftest.c  >&5
configure:2951: $? = 0
configure:2973: result: 
configure:2995: checking whether we are cross compiling
configure:3003: gcc -o conftest  -I/Users/luigi/Library/Developer/Xcode/DerivedData/WiredServer-diuxyepkbhfpstdsraxdsmljpked/SourcePackages/checkouts/OpenSSL/macosx/include -L/Users/luigi/Library/Developer/Xcode/DerivedData/WiredServer-diuxyepkbhfpstdsraxdsmljpked/SourcePackages/checkouts/OpenSSL/macosx/lib conftest.c  >&5
configure:3007: $? = 0
configure:3014: ./conftest
configure:3018: $? = 0
configure:3033: result: no
configure:3038: checking for suffix of object files
configure:3060: gcc -c  -I/Users/luigi/Library/Developer/Xcode/DerivedData/WiredServer-diuxyepkbhfpstdsraxdsmljpked/SourcePackages/checkouts/OpenSSL/macosx/include conftest.c >&5
configure:3064: $? = 0
configure:3085: result: o
configure:3089: checking whether we are using the GNU C compiler
configure:3108: gcc -c  -I/Users/luigi/Library/Developer/Xcode/DerivedData/WiredServer-diuxyepkbhfpstdsraxdsmljpked/SourcePackages/checkouts/OpenSSL/macosx/include conftest.c >&5
configure:3108: $? = 0
configure:3117: result: yes
configure:3126: checking whether gcc accepts -g
configure:3146: gcc -c -g -I/Users/luigi/Library/Developer/Xcode/DerivedData/WiredServer-diuxyepkbhfpstdsraxdsmljpked/SourcePackages/checkouts/OpenSSL/macosx/include conftest.c >&5
configure:3146: $? = 0
configure:3187: result: yes
configure:3204: checking for gcc option to accept ISO C89
configure:3267: gcc  -c -g -O2 -I/Users/luigi/Library/Developer/Xcode/DerivedData/WiredServer-diuxyepkbhfpstdsraxdsmljpked/SourcePackages/checkouts/OpenSSL/macosx/include conftest.c >&5
conftest.c:16:14: warning: a function definition without a prototype is deprecated in all versions of C and is not supported in C2x [-Wdeprecated-non-prototype]
static char *e (p, i)
             ^
1 warning generated.
configure:3267: $? = 0
configure:3280: result: none needed
configure:3305: checking how to run the C preprocessor
configure:3336: gcc -E -I/Users/luigi/Library/Developer/Xcode/DerivedData/WiredServer-diuxyepkbhfpstdsraxdsmljpked/SourcePackages/checkouts/OpenSSL/macosx/include conftest.c
configure:3336: $? = 0
configure:3350: gcc -E -I/Users/luigi/Library/Developer/Xcode/DerivedData/WiredServer-diuxyepkbhfpstdsraxdsmljpked/SourcePackages/checkouts/OpenSSL/macosx/include conftest.c
conftest.c:10:10: fatal error: 'ac_nonexistent.h' file not found
#include <ac_nonexistent.h>
         ^~~~~~~~~~~~~~~~~~
1 error generated.
configure:3350: $? = 1
configure: failed program was:
| /* confdefs.h */
| #define PACKAGE_NAME "libwired"
| #define PACKAGE_TARNAME "libwired"
| #define PACKAGE_VERSION "1.0"
| #define PACKAGE_STRING "libwired 1.0"
| #define PACKAGE_BUGREPORT "dev@read-write.fr"
| #define PACKAGE_URL ""
| #define WI_VERSION "1.0"
| /* end confdefs.h.  */
| #include <ac_nonexistent.h>
configure:3375: result: gcc -E
configure:3395: gcc -E -I/Users/luigi/Library/Developer/Xcode/DerivedData/WiredServer-diuxyepkbhfpstdsraxdsmljpked/SourcePackages/checkouts/OpenSSL/macosx/include conftest.c
configure:3395: $? = 0
configure:3409: gcc -E -I/Users/luigi/Library/Developer/Xcode/DerivedData/WiredServer-diuxyepkbhfpstdsraxdsmljpked/SourcePackages/checkouts/OpenSSL/macosx/include conftest.c
conftest.c:10:10: fatal error: 'ac_nonexistent.h' file not found
#include <ac_nonexistent.h>
         ^~~~~~~~~~~~~~~~~~
1 error generated.
configure:3409: $? = 1
configure: failed program was:
| /* confdefs.h */
| #define PACKAGE_NAME "libwired"
| #define PACKAGE_TARNAME "libwired"
| #define PACKAGE_VERSION "1.0"
| #define PACKAGE_STRING "libwired 1.0"
| #define PACKAGE_BUGREPORT "dev@read-write.fr"
| #define PACKAGE_URL ""
| #define WI_VERSION "1.0"
| /* end confdefs.h.  */
| #include <ac_nonexistent.h>
configure:3451: checking for a BSD-compatible install
configure:3519: result: /usr/bin/install -c
configure:3530: checking whether make sets $(MAKE)
configure:3552: result: yes
configure:3567: checking for warning flags
configure:4011: result: none
configure:4211: checking for grep that handles long lines and -e
configure:4269: result: /usr/bin/grep
configure:4274: checking for egrep
configure:4336: result: /usr/bin/grep -E
configure:4341: checking for ANSI C header files
configure:4361: gcc -c -g -O2 -I/Users/luigi/Library/Developer/Xcode/DerivedData/WiredServer-diuxyepkbhfpstdsraxdsmljpked/SourcePackages/checkouts/OpenSSL/macosx/include conftest.c >&5
configure:4361: $? = 0
configure:4434: gcc -o conftest -g -O2 -I/Users/luigi/Library/Developer/Xcode/DerivedData/WiredServer-diuxyepkbhfpstdsraxdsmljpked/SourcePackages/checkouts/OpenSSL/macosx/include -L/Users/luigi/Library/Developer/Xcode/DerivedData/WiredServer-diuxyepkbhfpstdsraxdsmljpked/SourcePackages/checkouts/OpenSSL/macosx/lib conftest.c  >&5
configure:4434: $? = 0
configure:4434: ./conftest
configure:4434: $? = 0
configure:4445: result: yes
configure:4458: checking for sys/types.h
configure:4458: gcc -c -g -O2 -I/Users/luigi/Library/Developer/Xcode/DerivedData/WiredServer-diuxyepkbhfpstdsraxdsmljpked/SourcePackages/checkouts/OpenSSL/macosx/include conftest.c >&5
configure:4458: $? = 0
configure:4458: result: yes
configure:4458: checking for sys/stat.h
configure:4458: gcc -c -g -O2 -I/Users/luigi/Library/Developer/Xcode/DerivedData/WiredServer-diuxyepkbhfpstdsraxdsmljpked/SourcePackages/checkouts/OpenSSL/macosx/include conftest.c >&5
configure:4458: $? = 0
configure:4458: result: yes
configure:4458: checking for stdlib.h
configure:4458: gcc -c -g -O2 -I/Users/luigi/Library/Developer/Xcode/DerivedData/WiredServer-diuxyepkbhfpstdsraxdsmljpked/SourcePackages/checkouts/OpenSSL/macosx/include conftest.c >&5
configure:4458: $? = 0
configure:4458: result: yes
configure:4458: checking for string.h
configure:4458: gcc -c -g -O2 -I/Users/luigi/Library/Developer/Xcode/DerivedData/WiredServer-diuxyepkbhfpstdsraxdsmljpked/SourcePackages/checkouts/OpenSSL/macosx/include conftest.c >&5
configure:4458: $? = 0
configure:4458: result: yes
configure:4458: checking for memory.h
configure:4458: gcc -c -g -O2 -I/Users/luigi/Library/Developer/Xcode/DerivedData/WiredServer-diuxyepkbhfpstdsraxdsmljpked/SourcePackages/checkouts/OpenSSL/macosx/include conftest.c >&5
configure:4458: $? = 0
configure:4458: result: yes
configure:4458: checking for strings.h
configure:4458: gcc -c -g -O2 -I/Users/luigi/Library/Developer/Xcode/DerivedData/WiredServer-diuxyepkbhfpstdsraxdsmljpked/SourcePackages/checkouts/OpenSSL/macosx/include conftest.c >&5
configure:4458: $? = 0
configure:4458: result: yes
configure:4458: checking for inttypes.h
configure:4458: gcc -c -g -O2 -I/Users/luigi/Library/Developer/Xcode/DerivedData/WiredServer-diuxyepkbhfpstdsraxdsmljpked/SourcePackages/checkouts/OpenSSL/macosx/include conftest.c >&5
configure:4458: $? = 0
configure:4458: result: yes
configure:4458: checking for stdint.h
configure:4458: gcc -c -g -O2 -I/Users/luigi/Library/Developer/Xcode/DerivedData/WiredServer-diuxyepkbhfpstdsraxdsmljpked/SourcePackages/checkouts/OpenSSL/macosx/include conftest.c >&5
configure:4458: $? = 0
configure:4458: result: yes
configure:4458: checking for unistd.h
configure:4458: gcc -c -g -O2 -I/Users/luigi/Library/Developer/Xcode/DerivedData/WiredServer-diuxyepkbhfpstdsraxdsmljpked/SourcePackages/checkouts/OpenSSL/macosx/include conftest.c >&5
configure:4458: $? = 0
configure:4458: result: yes
configure:4473: checking for pow
configure:4473: gcc -o conftest -g -O2 -I/Users/luigi/Library/Developer/Xcode/DerivedData/WiredServer-diuxyepkbhfpstdsraxdsmljpked/SourcePackages/checkouts/OpenSSL/macosx/include -L/Users/luigi/Library/Developer/Xcode/DerivedData/WiredServer-diuxyepkbhfpstdsraxdsmljpked/SourcePackages/checkouts/OpenSSL/macosx/lib conftest.c  >&5
conftest.c:43:6: warning: incompatible redeclaration of library function 'pow' [-Wincompatible-library-redeclaration]
char pow ();
     ^
conftest.c:43:6: note: 'pow' is a builtin with type 'double (double, double)'
1 warning generated.
configure:4473: $? = 0
configure:4473: result: yes
configure:4539: checking for setsockopt
configure:4539: gcc -o conftest -g -O2 -I/Users/luigi/Library/Developer/Xcode/DerivedData/WiredServer-diuxyepkbhfpstdsraxdsmljpked/SourcePackages/checkouts/OpenSSL/macosx/include -L/Users/luigi/Library/Developer/Xcode/DerivedData/WiredServer-diuxyepkbhfpstdsraxdsmljpked/SourcePackages/checkouts/OpenSSL/macosx/lib conftest.c  >&5
configure:4539: $? = 0
configure:4539: result: yes
configure:4605: checking for gethostent
configure:4605: gcc -o conftest -g -O2 -I/Users/luigi/Library/Developer/Xcode/DerivedData/WiredServer-diuxyepkbhfpstdsraxdsmljpked/SourcePackages/checkouts/OpenSSL/macosx/include -L/Users/luigi/Library/Developer/Xcode/DerivedData/WiredServer-diuxyepkbhfpstdsraxdsmljpked/SourcePackages/checkouts/OpenSSL/macosx/lib conftest.c  >&5
configure:4605: $? = 0
configure:4605: result: yes
configure:4671: checking for herror
configure:4671: gcc -o conftest -g -O2 -I/Users/luigi/Library/Developer/Xcode/DerivedData/WiredServer-diuxyepkbhfpstdsraxdsmljpked/SourcePackages/checkouts/OpenSSL/macosx/include -L/Users/luigi/Library/Developer/Xcode/DerivedData/WiredServer-diuxyepkbhfpstdsraxdsmljpked/SourcePackages/checkouts/OpenSSL/macosx/lib conftest.c  >&5
configure:4671: $? = 0
configure:4671: result: yes
configure:4739: checking CoreServices/CoreServices.h usability
configure:4739: gcc -c -g -O2 -I/Users/luigi/Library/Developer/Xcode/DerivedData/WiredServer-diuxyepkbhfpstdsraxdsmljpked/SourcePackages/checkouts/OpenSSL/macosx/include conftest.c >&5
configure:4739: $? = 0
configure:4739: result: yes
configure:4739: checking CoreServices/CoreServices.h presence
configure:4739: gcc -E -I/Users/luigi/Library/Developer/Xcode/DerivedData/WiredServer-diuxyepkbhfpstdsraxdsmljpked/SourcePackages/checkouts/OpenSSL/macosx/include conftest.c
configure:4739: $? = 0
configure:4739: result: yes
configure:4739: checking for CoreServices/CoreServices.h
configure:4739: result: yes
configure:4781: checking Carbon/Carbon.h usability
configure:4781: gcc -c -g -O2 -I/Users/luigi/Library/Developer/Xcode/DerivedData/WiredServer-diuxyepkbhfpstdsraxdsmljpked/SourcePackages/checkouts/OpenSSL/macosx/include -DWI_CORESERVICES conftest.c >&5
configure:4781: $? = 0
configure:4781: result: yes
configure:4781: checking Carbon/Carbon.h presence
configure:4781: gcc -E -I/Users/luigi/Library/Developer/Xcode/DerivedData/WiredServer-diuxyepkbhfpstdsraxdsmljpked/SourcePackages/checkouts/OpenSSL/macosx/include -DWI_CORESERVICES conftest.c
configure:4781: $? = 0
configure:4781: result: yes
configure:4781: checking for Carbon/Carbon.h
configure:4781: result: yes
configure:4826: checking CommonCrypto/CommonDigest.h usability
configure:4826: gcc -c -g -O2 -I/Users/luigi/Library/Developer/Xcode/DerivedData/WiredServer-diuxyepkbhfpstdsraxdsmljpked/SourcePackages/checkouts/OpenSSL/macosx/include -DWI_CORESERVICES -DWI_CARBON conftest.c >&5
configure:4826: $? = 0
configure:4826: result: yes
configure:4826: checking CommonCrypto/CommonDigest.h presence
configure:4826: gcc -E -I/Users/luigi/Library/Developer/Xcode/DerivedData/WiredServer-diuxyepkbhfpstdsraxdsmljpked/SourcePackages/checkouts/OpenSSL/macosx/include -DWI_CORESERVICES -DWI_CARBON conftest.c
configure:4826: $? = 0
configure:4826: result: yes
configure:4826: checking for CommonCrypto/CommonDigest.h
configure:4826: result: yes
configure:4826: checking CommonCrypto/CommonCryptor.h usability
configure:4826: gcc -c -g -O2 -I/Users/luigi/Library/Developer/Xcode/DerivedData/WiredServer-diuxyepkbhfpstdsraxdsmljpked/SourcePackages/checkouts/OpenSSL/macosx/include -DWI_CORESERVICES -DWI_CARBON -DWI_DIGESTS -DWI_CIPHERS conftest.c >&5
configure:4826: $? = 0
configure:4826: result: yes
configure:4826: checking CommonCrypto/CommonCryptor.h presence
configure:4826: gcc -E -I/Users/luigi/Library/Developer/Xcode/DerivedData/WiredServer-diuxyepkbhfpstdsraxdsmljpked/SourcePackages/checkouts/OpenSSL/macosx/include -DWI_CORESERVICES -DWI_CARBON -DWI_DIGESTS -DWI_CIPHERS conftest.c
configure:4826: $? = 0
configure:4826: result: yes
configure:4826: checking for CommonCrypto/CommonCryptor.h
configure:4826: result: yes
configure:4882: checking pthread.h usability
configure:4882: gcc -c -g -O2 -I/Users/luigi/Library/Developer/Xcode/DerivedData/WiredServer-diuxyepkbhfpstdsraxdsmljpked/SourcePackages/checkouts/OpenSSL/macosx/include -DWI_CORESERVICES -DWI_CARBON -DWI_DIGESTS -DWI_CIPHERS conftest.c >&5
configure:4882: $? = 0
configure:4882: result: yes
configure:4882: checking pthread.h presence
configure:4882: gcc -E -I/Users/luigi/Library/Developer/Xcode/DerivedData/WiredServer-diuxyepkbhfpstdsraxdsmljpked/SourcePackages/checkouts/OpenSSL/macosx/include -DWI_CORESERVICES -DWI_CARBON -DWI_DIGESTS -DWI_CIPHERS conftest.c
configure:4882: $? = 0
configure:4882: result: yes
configure:4882: checking for pthread.h
configure:4882: result: yes
configure:4888: checking for pthreads
configure:4970: gcc -o conftest -g -O2 -I/Users/luigi/Library/Developer/Xcode/DerivedData/WiredServer-diuxyepkbhfpstdsraxdsmljpked/SourcePackages/checkouts/OpenSSL/macosx/include -DWI_CORESERVICES -DWI_CARBON -DWI_DIGESTS -DWI_CIPHERS -L/Users/luigi/Library/Developer/Xcode/DerivedData/WiredServer-diuxyepkbhfpstdsraxdsmljpked/SourcePackages/checkouts/OpenSSL/macosx/lib conftest.c -framework CoreServices -framework Carbon >&5
configure:4970: $? = 0
configure:4970: ./conftest
configure:4970: $? = 0
configure:5196: result: yes
configure:6037: checking libxml/parser.h usability
configure:6037: gcc -c -g -O2 -I/Users/luigi/Library/Developer/Xcode/DerivedData/WiredServer-diuxyepkbhfpstdsraxdsmljpked/SourcePackages/checkouts/OpenSSL/macosx/include -DWI_CORESERVICES -DWI_CARBON -DWI_DIGESTS -DWI_CIPHERS -DWI_PTHREADS conftest.c >&5
configure:6037: $? = 0
configure:6037: result: yes
configure:6037: checking libxml/parser.h presence
configure:6037: gcc -E -I/Users/luigi/Library/Developer/Xcode/DerivedData/WiredServer-diuxyepkbhfpstdsraxdsmljpked/SourcePackages/checkouts/OpenSSL/macosx/include -DWI_CORESERVICES -DWI_CARBON -DWI_DIGESTS -DWI_CIPHERS -DWI_PTHREADS conftest.c
configure:6037: $? = 0
configure:6037: result: yes
configure:6037: checking for libxml/parser.h
configure:6037: result: yes
configure:6058: checking for xmlParseFile in -lxml2
configure:6083: gcc -o conftest -g -O2 -I/Users/luigi/Library/Developer/Xcode/DerivedData/WiredServer-diuxyepkbhfpstdsraxdsmljpked/SourcePackages/checkouts/OpenSSL/macosx/include -DWI_CORESERVICES -DWI_CARBON -DWI_DIGESTS -DWI_CIPHERS -DWI_PTHREADS -L/Users/luigi/Library/Developer/Xcode/DerivedData/WiredServer-diuxyepkbhfpstdsraxdsmljpked/SourcePackages/checkouts/OpenSSL/macosx/lib conftest.c -lxml2  -framework CoreServices -framework Carbon >&5
configure:6083: $? = 0
configure:6092: result: yes
configure:6154: checking sqlite3.h usability
configure:6154: gcc -c -g -O2 -I/Users/luigi/Library/Developer/Xcode/DerivedData/WiredServer-diuxyepkbhfpstdsraxdsmljpked/SourcePackages/checkouts/OpenSSL/macosx/include -DWI_CORESERVICES -DWI_CARBON -DWI_DIGESTS -DWI_CIPHERS -DWI_PTHREADS -DWI_LIBXML2 -DWI_PLIST conftest.c >&5
configure:6154: $? = 0
configure:6154: result: yes
configure:6154: checking sqlite3.h presence
configure:6154: gcc -E -I/Users/luigi/Library/Developer/Xcode/DerivedData/WiredServer-diuxyepkbhfpstdsraxdsmljpked/SourcePackages/checkouts/OpenSSL/macosx/include -DWI_CORESERVICES -DWI_CARBON -DWI_DIGESTS -DWI_CIPHERS -DWI_PTHREADS -DWI_LIBXML2 -DWI_PLIST conftest.c
configure:6154: $? = 0
configure:6154: result: yes
configure:6154: checking for sqlite3.h
configure:6154: result: yes
configure:6175: checking for sqlite3_open in -lsqlite3
configure:6200: gcc -o conftest -g -O2 -I/Users/luigi/Library/Developer/Xcode/DerivedData/WiredServer-diuxyepkbhfpstdsraxdsmljpked/SourcePackages/checkouts/OpenSSL/macosx/include -DWI_CORESERVICES -DWI_CARBON -DWI_DIGESTS -DWI_CIPHERS -DWI_PTHREADS -DWI_LIBXML2 -DWI_PLIST -L/Users/luigi/Library/Developer/Xcode/DerivedData/WiredServer-diuxyepkbhfpstdsraxdsmljpked/SourcePackages/checkouts/OpenSSL/macosx/lib conftest.c -lsqlite3  -framework CoreServices -framework Carbon -lxml2 >&5
configure:6200: $? = 0
configure:6209: result: yes
configure:6238: checking for sqlite3_backup_init in -lsqlite3
configure:6263: gcc -o conftest -g -O2 -I/Users/luigi/Library/Developer/Xcode/DerivedData/WiredServer-diuxyepkbhfpstdsraxdsmljpked/SourcePackages/checkouts/OpenSSL/macosx/include -DWI_CORESERVICES -DWI_CARBON -DWI_DIGESTS -DWI_CIPHERS -DWI_PTHREADS -DWI_LIBXML2 -DWI_PLIST -L/Users/luigi/Library/Developer/Xcode/DerivedData/WiredServer-diuxyepkbhfpstdsraxdsmljpked/SourcePackages/checkouts/OpenSSL/macosx/lib conftest.c -lsqlite3  -framework CoreServices -framework Carbon -lxml2 -lsqlite3 >&5
ld: warning: ignoring duplicate libraries: '-lsqlite3'
configure:6263: $? = 0
configure:6272: result: yes
configure:6319: checking for CommonCrypto/CommonDigest.h
configure:6319: result: yes
configure:6319: checking for CommonCrypto/CommonCryptor.h
configure:6319: result: yes
configure:6590: checking openssl/sha.h usability
configure:6590: gcc -c -g -O2 -I/Users/luigi/Library/Developer/Xcode/DerivedData/WiredServer-diuxyepkbhfpstdsraxdsmljpked/SourcePackages/checkouts/OpenSSL/macosx/include -DWI_CORESERVICES -DWI_CARBON -DWI_DIGESTS -DWI_CIPHERS -DWI_PTHREADS -DWI_LIBXML2 -DWI_PLIST -DWI_SQLITE3 conftest.c >&5
In file included from conftest.c:63:
In file included from /Users/luigi/Library/Developer/Xcode/DerivedData/WiredServer-diuxyepkbhfpstdsraxdsmljpked/SourcePackages/checkouts/OpenSSL/macosx/include/openssl/sha.h:13:
In file included from /Users/luigi/Library/Developer/Xcode/DerivedData/WiredServer-diuxyepkbhfpstdsraxdsmljpked/SourcePackages/checkouts/OpenSSL/macosx/include/openssl/e_os2.h:13:
/Users/luigi/Library/Developer/Xcode/DerivedData/WiredServer-diuxyepkbhfpstdsraxdsmljpked/SourcePackages/checkouts/OpenSSL/macosx/include/openssl/opensslconf.h:634:9: warning: 'RC4_INT' macro redefined [-Wmacro-redefined]
#define RC4_INT unsigned char
        ^
/Users/luigi/Library/Developer/Xcode/DerivedData/WiredServer-diuxyepkbhfpstdsraxdsmljpked/SourcePackages/checkouts/OpenSSL/macosx/include/openssl/opensslconf.h:208:9: note: previous definition is here
#define RC4_INT unsigned int
        ^
1 warning generated.
configure:6590: $? = 0
configure:6590: result: yes
configure:6590: checking openssl/sha.h presence
configure:6590: gcc -E -I/Users/luigi/Library/Developer/Xcode/DerivedData/WiredServer-diuxyepkbhfpstdsraxdsmljpked/SourcePackages/checkouts/OpenSSL/macosx/include -DWI_CORESERVICES -DWI_CARBON -DWI_DIGESTS -DWI_CIPHERS -DWI_PTHREADS -DWI_LIBXML2 -DWI_PLIST -DWI_SQLITE3 conftest.c
In file included from conftest.c:30:
In file included from /Users/luigi/Library/Developer/Xcode/DerivedData/WiredServer-diuxyepkbhfpstdsraxdsmljpked/SourcePackages/checkouts/OpenSSL/macosx/include/openssl/sha.h:13:
In file included from /Users/luigi/Library/Developer/Xcode/DerivedData/WiredServer-diuxyepkbhfpstdsraxdsmljpked/SourcePackages/checkouts/OpenSSL/macosx/include/openssl/e_os2.h:13:
/Users/luigi/Library/Developer/Xcode/DerivedData/WiredServer-diuxyepkbhfpstdsraxdsmljpked/SourcePackages/checkouts/OpenSSL/macosx/include/openssl/opensslconf.h:634:9: warning: 'RC4_INT' macro redefined [-Wmacro-redefined]
#define RC4_INT unsigned char
        ^
/Users/luigi/Library/Developer/Xcode/DerivedData/WiredServer-diuxyepkbhfpstdsraxdsmljpked/SourcePackages/checkouts/OpenSSL/macosx/include/openssl/opensslconf.h:208:9: note: previous definition is here
#define RC4_INT unsigned int
        ^
1 warning generated.
configure:6590: $? = 0
configure:6590: result: yes
configure:6590: checking for openssl/sha.h
configure:6590: result: yes
configure:6613: checking for SHA1_Init in -lcrypto
configure:6638: gcc -o conftest -g -O2 -I/Users/luigi/Library/Developer/Xcode/DerivedData/WiredServer-diuxyepkbhfpstdsraxdsmljpked/SourcePackages/checkouts/OpenSSL/macosx/include -DWI_CORESERVICES -DWI_CARBON -DWI_DIGESTS -DWI_CIPHERS -DWI_PTHREADS -DWI_LIBXML2 -DWI_PLIST -DWI_SQLITE3 -L/Users/luigi/Library/Developer/Xcode/DerivedData/WiredServer-diuxyepkbhfpstdsraxdsmljpked/SourcePackages/checkouts/OpenSSL/macosx/lib conftest.c -lcrypto  -framework CoreServices -framework Carbon -lxml2 -lsqlite3 >&5
configure:6638: $? = 0
configure:6647: result: yes
configure:6874: checking zlib.h usability
configure:6874: gcc -c -g -O2 -I/Users/luigi/Library/Developer/Xcode/DerivedData/WiredServer-diuxyepkbhfpstdsraxdsmljpked/SourcePackages/checkouts/OpenSSL/macosx/include -DWI_CORESERVICES -DWI_CARBON -DWI_DIGESTS -DWI_CIPHERS -DWI_PTHREADS -DWI_LIBXML2 -DWI_PLIST -DWI_SQLITE3 -DWI_RSA conftest.c >&5
configure:6874: $? = 0
configure:6874: result: yes
configure:6874: checking zlib.h presence
configure:6874: gcc -E -I/Users/luigi/Library/Developer/Xcode/DerivedData/WiredServer-diuxyepkbhfpstdsraxdsmljpked/SourcePackages/checkouts/OpenSSL/macosx/include -DWI_CORESERVICES -DWI_CARBON -DWI_DIGESTS -DWI_CIPHERS -DWI_PTHREADS -DWI_LIBXML2 -DWI_PLIST -DWI_SQLITE3 -DWI_RSA conftest.c
configure:6874: $? = 0
configure:6874: result: yes
configure:6874: checking for zlib.h
configure:6874: result: yes
configure:6895: checking for deflate in -lz
configure:6920: gcc -o conftest -g -O2 -I/Users/luigi/Library/Developer/Xcode/DerivedData/WiredServer-diuxyepkbhfpstdsraxdsmljpked/SourcePackages/checkouts/OpenSSL/macosx/include -DWI_CORESERVICES -DWI_CARBON -DWI_DIGESTS -DWI_CIPHERS -DWI_PTHREADS -DWI_LIBXML2 -DWI_PLIST -DWI_SQLITE3 -DWI_RSA -L/Users/luigi/Library/Developer/Xcode/DerivedData/WiredServer-diuxyepkbhfpstdsraxdsmljpked/SourcePackages/checkouts/OpenSSL/macosx/lib conftest.c -lz  -framework CoreServices -framework Carbon -lxml2 -lsqlite3 -lcrypto >&5
configure:6920: $? = 0
configure:6929: result: yes
configure:6990: checking for glibc
configure:7001: gcc -c -g -O2 -I/Users/luigi/Library/Developer/Xcode/DerivedData/WiredServer-diuxyepkbhfpstdsraxdsmljpked/SourcePackages/checkouts/OpenSSL/macosx/include -DWI_CORESERVICES -DWI_CARBON -DWI_DIGESTS -DWI_CIPHERS -DWI_PTHREADS -DWI_LIBXML2 -DWI_PLIST -DWI_SQLITE3 -DWI_RSA -DWI_ZLIB -DWI_P7 conftest.c >&5
conftest.c:33:11: fatal error: 'features.h' file not found
        #include <features.h>
                 ^~~~~~~~~~~~
1 error generated.
configure:7001: $? = 1
configure: failed program was:
| /* confdefs.h */
| #define PACKAGE_NAME "libwired"
| #define PACKAGE_TARNAME "libwired"
| #define PACKAGE_VERSION "1.0"
| #define PACKAGE_STRING "libwired 1.0"
| #define PACKAGE_BUGREPORT "dev@read-write.fr"
| #define PACKAGE_URL ""
| #define WI_VERSION "1.0"
| #define STDC_HEADERS 1
| #define HAVE_SYS_TYPES_H 1
| #define HAVE_SYS_STAT_H 1
| #define HAVE_STDLIB_H 1
| #define HAVE_STRING_H 1
| #define HAVE_MEMORY_H 1
| #define HAVE_STRINGS_H 1
| #define HAVE_INTTYPES_H 1
| #define HAVE_STDINT_H 1
| #define HAVE_UNISTD_H 1
| #define HAVE_CORESERVICES_CORESERVICES_H 1
| #define HAVE_CARBON_CARBON_H 1
| #define HAVE_COMMONCRYPTO_COMMONDIGEST_H 1
| #define HAVE_COMMONCRYPTO_COMMONCRYPTOR_H 1
| #define HAVE_PTHREAD_H 1
| #define HAVE_LIBXML_PARSER_H 1
| #define HAVE_SQLITE3_H 1
| #define WI_SQLITE_SUPPORTS_BACKUP 1
| #define HAVE_COMMONCRYPTO_COMMONDIGEST_H 1
| #define HAVE_COMMONCRYPTO_COMMONCRYPTOR_H 1
| #define HAVE_OPENSSL_SHA_H 1
| #define HAVE_ZLIB_H 1
| /* end confdefs.h.  */
| 
| 	#include <features.h>
| 	#ifndef __GLIBC__
| 	chokeme
| 	#endif
| 
configure:7014: result: no
configure:7022: checking for struct sockaddr.sa_len
configure:7022: gcc -c -g -O2 -I/Users/luigi/Library/Developer/Xcode/DerivedData/WiredServer-diuxyepkbhfpstdsraxdsmljpked/SourcePackages/checkouts/OpenSSL/macosx/include -DWI_CORESERVICES -DWI_CARBON -DWI_DIGESTS -DWI_CIPHERS -DWI_PTHREADS -DWI_LIBXML2 -DWI_PLIST -DWI_SQLITE3 -DWI_RSA -DWI_ZLIB -DWI_P7 conftest.c >&5
configure:7022: $? = 0
configure:7022: result: yes
configure:7037: checking for struct sockaddr_in.sin_len
configure:7037: gcc -c -g -O2 -I/Users/luigi/Library/Developer/Xcode/DerivedData/WiredServer-diuxyepkbhfpstdsraxdsmljpked/SourcePackages/checkouts/OpenSSL/macosx/include -DWI_CORESERVICES -DWI_CARBON -DWI_DIGESTS -DWI_CIPHERS -DWI_PTHREADS -DWI_LIBXML2 -DWI_PLIST -DWI_SQLITE3 -DWI_RSA -DWI_ZLIB -DWI_P7 conftest.c >&5
configure:7037: $? = 0
configure:7037: result: yes
configure:7052: checking for struct sockaddr_in6.sin6_len
configure:7052: gcc -c -g -O2 -I/Users/luigi/Library/Developer/Xcode/DerivedData/WiredServer-diuxyepkbhfpstdsraxdsmljpked/SourcePackages/checkouts/OpenSSL/macosx/include -DWI_CORESERVICES -DWI_CARBON -DWI_DIGESTS -DWI_CIPHERS -DWI_PTHREADS -DWI_LIBXML2 -DWI_PLIST -DWI_SQLITE3 -DWI_RSA -DWI_ZLIB -DWI_P7 conftest.c >&5
configure:7052: $? = 0
configure:7052: result: yes
configure:7071: checking whether facilitynames is declared
configure:7071: gcc -c -g -O2 -I/Users/luigi/Library/Developer/Xcode/DerivedData/WiredServer-diuxyepkbhfpstdsraxdsmljpked/SourcePackages/checkouts/OpenSSL/macosx/include -DWI_CORESERVICES -DWI_CARBON -DWI_DIGESTS -DWI_CIPHERS -DWI_PTHREADS -DWI_LIBXML2 -DWI_PLIST -DWI_SQLITE3 -DWI_RSA -DWI_ZLIB -DWI_P7 conftest.c >&5
configure:7071: $? = 0
configure:7071: result: yes
configure:7088: checking for DIR.d_fd
configure:7088: gcc -c -g -O2 -I/Users/luigi/Library/Developer/Xcode/DerivedData/WiredServer-diuxyepkbhfpstdsraxdsmljpked/SourcePackages/checkouts/OpenSSL/macosx/include -DWI_CORESERVICES -DWI_CARBON -DWI_DIGESTS -DWI_CIPHERS -DWI_PTHREADS -DWI_LIBXML2 -DWI_PLIST -DWI_SQLITE3 -DWI_RSA -DWI_ZLIB -DWI_P7 conftest.c >&5
conftest.c:45:13: error: no member named 'd_fd' in 'DIR'
if (ac_aggr.d_fd)
    ~~~~~~~ ^
1 error generated.
configure:7088: $? = 1
configure: failed program was:
| /* confdefs.h */
| #define PACKAGE_NAME "libwired"
| #define PACKAGE_TARNAME "libwired"
| #define PACKAGE_VERSION "1.0"
| #define PACKAGE_STRING "libwired 1.0"
| #define PACKAGE_BUGREPORT "dev@read-write.fr"
| #define PACKAGE_URL ""
| #define WI_VERSION "1.0"
| #define STDC_HEADERS 1
| #define HAVE_SYS_TYPES_H 1
| #define HAVE_SYS_STAT_H 1
| #define HAVE_STDLIB_H 1
| #define HAVE_STRING_H 1
| #define HAVE_MEMORY_H 1
| #define HAVE_STRINGS_H 1
| #define HAVE_INTTYPES_H 1
| #define HAVE_STDINT_H 1
| #define HAVE_UNISTD_H 1
| #define HAVE_CORESERVICES_CORESERVICES_H 1
| #define HAVE_CARBON_CARBON_H 1
| #define HAVE_COMMONCRYPTO_COMMONDIGEST_H 1
| #define HAVE_COMMONCRYPTO_COMMONCRYPTOR_H 1
| #define HAVE_PTHREAD_H 1
| #define HAVE_LIBXML_PARSER_H 1
| #define HAVE_SQLITE3_H 1
| #define WI_SQLITE_SUPPORTS_BACKUP 1
| #define HAVE_COMMONCRYPTO_COMMONDIGEST_H 1
| #define HAVE_COMMONCRYPTO_COMMONCRYPTOR_H 1
| #define HAVE_OPENSSL_SHA_H 1
| #define HAVE_ZLIB_H 1
| #define HAVE_STRUCT_SOCKADDR_SA_LEN 1
| #define HAVE_STRUCT_SOCKADDR_IN_SIN_LEN 1
| #define HAVE_STRUCT_SOCKADDR_IN6_SIN6_LEN 1
| #define HAVE_SYSLOG_FACILITYNAMES 1
| /* end confdefs.h.  */
| 
| 	#include <sys/types.h>
| 	#include <dirent.h>
| 
| 
| int
| main ()
| {
| static DIR ac_aggr;
| if (ac_aggr.d_fd)
| return 0;
|   ;
|   return 0;
| }
configure:7088: gcc -c -g -O2 -I/Users/luigi/Library/Developer/Xcode/DerivedData/WiredServer-diuxyepkbhfpstdsraxdsmljpked/SourcePackages/checkouts/OpenSSL/macosx/include -DWI_CORESERVICES -DWI_CARBON -DWI_DIGESTS -DWI_CIPHERS -DWI_PTHREADS -DWI_LIBXML2 -DWI_PLIST -DWI_SQLITE3 -DWI_RSA -DWI_ZLIB -DWI_P7 conftest.c >&5
conftest.c:45:20: error: no member named 'd_fd' in 'DIR'
if (sizeof ac_aggr.d_fd)
           ~~~~~~~ ^
1 error generated.
configure:7088: $? = 1
configure: failed program was:
| /* confdefs.h */
| #define PACKAGE_NAME "libwired"
| #define PACKAGE_TARNAME "libwired"
| #define PACKAGE_VERSION "1.0"
| #define PACKAGE_STRING "libwired 1.0"
| #define PACKAGE_BUGREPORT "dev@read-write.fr"
| #define PACKAGE_URL ""
| #define WI_VERSION "1.0"
| #define STDC_HEADERS 1
| #define HAVE_SYS_TYPES_H 1
| #define HAVE_SYS_STAT_H 1
| #define HAVE_STDLIB_H 1
| #define HAVE_STRING_H 1
| #define HAVE_MEMORY_H 1
| #define HAVE_STRINGS_H 1
| #define HAVE_INTTYPES_H 1
| #define HAVE_STDINT_H 1
| #define HAVE_UNISTD_H 1
| #define HAVE_CORESERVICES_CORESERVICES_H 1
| #define HAVE_CARBON_CARBON_H 1
| #define HAVE_COMMONCRYPTO_COMMONDIGEST_H 1
| #define HAVE_COMMONCRYPTO_COMMONCRYPTOR_H 1
| #define HAVE_PTHREAD_H 1
| #define HAVE_LIBXML_PARSER_H 1
| #define HAVE_SQLITE3_H 1
| #define WI_SQLITE_SUPPORTS_BACKUP 1
| #define HAVE_COMMONCRYPTO_COMMONDIGEST_H 1
| #define HAVE_COMMONCRYPTO_COMMONCRYPTOR_H 1
| #define HAVE_OPENSSL_SHA_H 1
| #define HAVE_ZLIB_H 1
| #define HAVE_STRUCT_SOCKADDR_SA_LEN 1
| #define HAVE_STRUCT_SOCKADDR_IN_SIN_LEN 1
| #define HAVE_STRUCT_SOCKADDR_IN6_SIN6_LEN 1
| #define HAVE_SYSLOG_FACILITYNAMES 1
| /* end confdefs.h.  */
| 
| 	#include <sys/types.h>
| 	#include <dirent.h>
| 
| 
| int
| main ()
| {
| static DIR ac_aggr;
| if (sizeof ac_aggr.d_fd)
| return 0;
|   ;
|   return 0;
| }
configure:7088: result: no
configure:7101: checking for DIR.dd_fd
configure:7101: gcc -c -g -O2 -I/Users/luigi/Library/Developer/Xcode/DerivedData/WiredServer-diuxyepkbhfpstdsraxdsmljpked/SourcePackages/checkouts/OpenSSL/macosx/include -DWI_CORESERVICES -DWI_CARBON -DWI_DIGESTS -DWI_CIPHERS -DWI_PTHREADS -DWI_LIBXML2 -DWI_PLIST -DWI_SQLITE3 -DWI_RSA -DWI_ZLIB -DWI_P7 conftest.c >&5
conftest.c:45:13: error: no member named 'dd_fd' in 'DIR'
if (ac_aggr.dd_fd)
    ~~~~~~~ ^
1 error generated.
configure:7101: $? = 1
configure: failed program was:
| /* confdefs.h */
| #define PACKAGE_NAME "libwired"
| #define PACKAGE_TARNAME "libwired"
| #define PACKAGE_VERSION "1.0"
| #define PACKAGE_STRING "libwired 1.0"
| #define PACKAGE_BUGREPORT "dev@read-write.fr"
| #define PACKAGE_URL ""
| #define WI_VERSION "1.0"
| #define STDC_HEADERS 1
| #define HAVE_SYS_TYPES_H 1
| #define HAVE_SYS_STAT_H 1
| #define HAVE_STDLIB_H 1
| #define HAVE_STRING_H 1
| #define HAVE_MEMORY_H 1
| #define HAVE_STRINGS_H 1
| #define HAVE_INTTYPES_H 1
| #define HAVE_STDINT_H 1
| #define HAVE_UNISTD_H 1
| #define HAVE_CORESERVICES_CORESERVICES_H 1
| #define HAVE_CARBON_CARBON_H 1
| #define HAVE_COMMONCRYPTO_COMMONDIGEST_H 1
| #define HAVE_COMMONCRYPTO_COMMONCRYPTOR_H 1
| #define HAVE_PTHREAD_H 1
| #define HAVE_LIBXML_PARSER_H 1
| #define HAVE_SQLITE3_H 1
| #define WI_SQLITE_SUPPORTS_BACKUP 1
| #define HAVE_COMMONCRYPTO_COMMONDIGEST_H 1
| #define HAVE_COMMONCRYPTO_COMMONCRYPTOR_H 1
| #define HAVE_OPENSSL_SHA_H 1
| #define HAVE_ZLIB_H 1
| #define HAVE_STRUCT_SOCKADDR_SA_LEN 1
| #define HAVE_STRUCT_SOCKADDR_IN_SIN_LEN 1
| #define HAVE_STRUCT_SOCKADDR_IN6_SIN6_LEN 1
| #define HAVE_SYSLOG_FACILITYNAMES 1
| /* end confdefs.h.  */
| 
| 	#include <sys/types.h>
| 	#include <dirent.h>
| 
| 
| int
| main ()
| {
| static DIR ac_aggr;
| if (ac_aggr.dd_fd)
| return 0;
|   ;
|   return 0;
| }
configure:7101: gcc -c -g -O2 -I/Users/luigi/Library/Developer/Xcode/DerivedData/WiredServer-diuxyepkbhfpstdsraxdsmljpked/SourcePackages/checkouts/OpenSSL/macosx/include -DWI_CORESERVICES -DWI_CARBON -DWI_DIGESTS -DWI_CIPHERS -DWI_PTHREADS -DWI_LIBXML2 -DWI_PLIST -DWI_SQLITE3 -DWI_RSA -DWI_ZLIB -DWI_P7 conftest.c >&5
conftest.c:45:20: error: no member named 'dd_fd' in 'DIR'
if (sizeof ac_aggr.dd_fd)
           ~~~~~~~ ^
1 error generated.
configure:7101: $? = 1
configure: failed program was:
| /* confdefs.h */
| #define PACKAGE_NAME "libwired"
| #define PACKAGE_TARNAME "libwired"
| #define PACKAGE_VERSION "1.0"
| #define PACKAGE_STRING "libwired 1.0"
| #define PACKAGE_BUGREPORT "dev@read-write.fr"
| #define PACKAGE_URL ""
| #define WI_VERSION "1.0"
| #define STDC_HEADERS 1
| #define HAVE_SYS_TYPES_H 1
| #define HAVE_SYS_STAT_H 1
| #define HAVE_STDLIB_H 1
| #define HAVE_STRING_H 1
| #define HAVE_MEMORY_H 1
| #define HAVE_STRINGS_H 1
| #define HAVE_INTTYPES_H 1
| #define HAVE_STDINT_H 1
| #define HAVE_UNISTD_H 1
| #define HAVE_CORESERVICES_CORESERVICES_H 1
| #define HAVE_CARBON_CARBON_H 1
| #define HAVE_COMMONCRYPTO_COMMONDIGEST_H 1
| #define HAVE_COMMONCRYPTO_COMMONCRYPTOR_H 1
| #define HAVE_PTHREAD_H 1
| #define HAVE_LIBXML_PARSER_H 1
| #define HAVE_SQLITE3_H 1
| #define WI_SQLITE_SUPPORTS_BACKUP 1
| #define HAVE_COMMONCRYPTO_COMMONDIGEST_H 1
| #define HAVE_COMMONCRYPTO_COMMONCRYPTOR_H 1
| #define HAVE_OPENSSL_SHA_H 1
| #define HAVE_ZLIB_H 1
| #define HAVE_STRUCT_SOCKADDR_SA_LEN 1
| #define HAVE_STRUCT_SOCKADDR_IN_SIN_LEN 1
| #define HAVE_STRUCT_SOCKADDR_IN6_SIN6_LEN 1
| #define HAVE_SYSLOG_FACILITYNAMES 1
| /* end confdefs.h.  */
| 
| 	#include <sys/types.h>
| 	#include <dirent.h>
| 
| 
| int
| main ()
| {
| static DIR ac_aggr;
| if (sizeof ac_aggr.dd_fd)
| return 0;
|   ;
|   return 0;
| }
configure:7101: result: no
configure:7118: checking for struct stat.st_birthtime
configure:7118: gcc -c -g -O2 -I/Users/luigi/Library/Developer/Xcode/DerivedData/WiredServer-diuxyepkbhfpstdsraxdsmljpked/SourcePackages/checkouts/OpenSSL/macosx/include -DWI_CORESERVICES -DWI_CARBON -DWI_DIGESTS -DWI_CIPHERS -DWI_PTHREADS -DWI_LIBXML2 -DWI_PLIST -DWI_SQLITE3 -DWI_RSA -DWI_ZLIB -DWI_P7 conftest.c >&5
configure:7118: $? = 0
configure:7118: result: yes
configure:7132: checking for struct stat64.st_birthtime
configure:7132: gcc -c -g -O2 -I/Users/luigi/Library/Developer/Xcode/DerivedData/WiredServer-diuxyepkbhfpstdsraxdsmljpked/SourcePackages/checkouts/OpenSSL/macosx/include -DWI_CORESERVICES -DWI_CARBON -DWI_DIGESTS -DWI_CIPHERS -DWI_PTHREADS -DWI_LIBXML2 -DWI_PLIST -DWI_SQLITE3 -DWI_RSA -DWI_ZLIB -DWI_P7 conftest.c >&5
conftest.c:46:22: error: variable has incomplete type 'struct stat64'
static struct stat64 ac_aggr;
                     ^
conftest.c:46:15: note: forward declaration of 'struct stat64'
static struct stat64 ac_aggr;
              ^
1 error generated.
configure:7132: $? = 1
configure: failed program was:
| /* confdefs.h */
| #define PACKAGE_NAME "libwired"
| #define PACKAGE_TARNAME "libwired"
| #define PACKAGE_VERSION "1.0"
| #define PACKAGE_STRING "libwired 1.0"
| #define PACKAGE_BUGREPORT "dev@read-write.fr"
| #define PACKAGE_URL ""
| #define WI_VERSION "1.0"
| #define STDC_HEADERS 1
| #define HAVE_SYS_TYPES_H 1
| #define HAVE_SYS_STAT_H 1
| #define HAVE_STDLIB_H 1
| #define HAVE_STRING_H 1
| #define HAVE_MEMORY_H 1
| #define HAVE_STRINGS_H 1
| #define HAVE_INTTYPES_H 1
| #define HAVE_STDINT_H 1
| #define HAVE_UNISTD_H 1
| #define HAVE_CORESERVICES_CORESERVICES_H 1
| #define HAVE_CARBON_CARBON_H 1
| #define HAVE_COMMONCRYPTO_COMMONDIGEST_H 1
| #define HAVE_COMMONCRYPTO_COMMONCRYPTOR_H 1
| #define HAVE_PTHREAD_H 1
| #define HAVE_LIBXML_PARSER_H 1
| #define HAVE_SQLITE3_H 1
| #define WI_SQLITE_SUPPORTS_BACKUP 1
| #define HAVE_COMMONCRYPTO_COMMONDIGEST_H 1
| #define HAVE_COMMONCRYPTO_COMMONCRYPTOR_H 1
| #define HAVE_OPENSSL_SHA_H 1
| #define HAVE_ZLIB_H 1
| #define HAVE_STRUCT_SOCKADDR_SA_LEN 1
| #define HAVE_STRUCT_SOCKADDR_IN_SIN_LEN 1
| #define HAVE_STRUCT_SOCKADDR_IN6_SIN6_LEN 1
| #define HAVE_SYSLOG_FACILITYNAMES 1
| #define HAVE_STRUCT_STAT_ST_BIRTHTIME 1
| /* end confdefs.h.  */
| 
| 	#define _DARWIN_USE_64_BIT_INODE
| 	#include <sys/types.h>
| 	#include <sys/stat.h>
| 
| 
| int
| main ()
| {
| static struct stat64 ac_aggr;
| if (ac_aggr.st_birthtime)
| return 0;
|   ;
|   return 0;
| }
configure:7132: gcc -c -g -O2 -I/Users/luigi/Library/Developer/Xcode/DerivedData/WiredServer-diuxyepkbhfpstdsraxdsmljpked/SourcePackages/checkouts/OpenSSL/macosx/include -DWI_CORESERVICES -DWI_CARBON -DWI_DIGESTS -DWI_CIPHERS -DWI_PTHREADS -DWI_LIBXML2 -DWI_PLIST -DWI_SQLITE3 -DWI_RSA -DWI_ZLIB -DWI_P7 conftest.c >&5
conftest.c:46:22: error: variable has incomplete type 'struct stat64'
static struct stat64 ac_aggr;
                     ^
conftest.c:46:15: note: forward declaration of 'struct stat64'
static struct stat64 ac_aggr;
              ^
1 error generated.
configure:7132: $? = 1
configure: failed program was:
| /* confdefs.h */
| #define PACKAGE_NAME "libwired"
| #define PACKAGE_TARNAME "libwired"
| #define PACKAGE_VERSION "1.0"
| #define PACKAGE_STRING "libwired 1.0"
| #define PACKAGE_BUGREPORT "dev@read-write.fr"
| #define PACKAGE_URL ""
| #define WI_VERSION "1.0"
| #define STDC_HEADERS 1
| #define HAVE_SYS_TYPES_H 1
| #define HAVE_SYS_STAT_H 1
| #define HAVE_STDLIB_H 1
| #define HAVE_STRING_H 1
| #define HAVE_MEMORY_H 1
| #define HAVE_STRINGS_H 1
| #define HAVE_INTTYPES_H 1
| #define HAVE_STDINT_H 1
| #define HAVE_UNISTD_H 1
| #define HAVE_CORESERVICES_CORESERVICES_H 1
| #define HAVE_CARBON_CARBON_H 1
| #define HAVE_COMMONCRYPTO_COMMONDIGEST_H 1
| #define HAVE_COMMONCRYPTO_COMMONCRYPTOR_H 1
| #define HAVE_PTHREAD_H 1
| #define HAVE_LIBXML_PARSER_H 1
| #define HAVE_SQLITE3_H 1
| #define WI_SQLITE_SUPPORTS_BACKUP 1
| #define HAVE_COMMONCRYPTO_COMMONDIGEST_H 1
| #define HAVE_COMMONCRYPTO_COMMONCRYPTOR_H 1
| #define HAVE_OPENSSL_SHA_H 1
| #define HAVE_ZLIB_H 1
| #define HAVE_STRUCT_SOCKADDR_SA_LEN 1
| #define HAVE_STRUCT_SOCKADDR_IN_SIN_LEN 1
| #define HAVE_STRUCT_SOCKADDR_IN6_SIN6_LEN 1
| #define HAVE_SYSLOG_FACILITYNAMES 1
| #define HAVE_STRUCT_STAT_ST_BIRTHTIME 1
| /* end confdefs.h.  */
| 
| 	#define _DARWIN_USE_64_BIT_INODE
| 	#include <sys/types.h>
| 	#include <sys/stat.h>
| 
| 
| int
| main ()
| {
| static struct stat64 ac_aggr;
| if (sizeof ac_aggr.st_birthtime)
| return 0;
|   ;
|   return 0;
| }
configure:7132: result: no
configure:7174: checking for mach-o/arch.h
configure:7174: gcc -c -g -O2 -I/Users/luigi/Library/Developer/Xcode/DerivedData/WiredServer-diuxyepkbhfpstdsraxdsmljpked/SourcePackages/checkouts/OpenSSL/macosx/include -DWI_CORESERVICES -DWI_CARBON -DWI_DIGESTS -DWI_CIPHERS -DWI_PTHREADS -DWI_LIBXML2 -DWI_PLIST -DWI_SQLITE3 -DWI_RSA -DWI_ZLIB -DWI_P7 conftest.c >&5
configure:7174: $? = 0
configure:7174: result: yes
configure:7174: checking for machine/param.h
configure:7174: gcc -c -g -O2 -I/Users/luigi/Library/Developer/Xcode/DerivedData/WiredServer-diuxyepkbhfpstdsraxdsmljpked/SourcePackages/checkouts/OpenSSL/macosx/include -DWI_CORESERVICES -DWI_CARBON -DWI_DIGESTS -DWI_CIPHERS -DWI_PTHREADS -DWI_LIBXML2 -DWI_PLIST -DWI_SQLITE3 -DWI_RSA -DWI_ZLIB -DWI_P7 conftest.c >&5
configure:7174: $? = 0
configure:7174: result: yes
configure:7174: checking for sys/attr.h
configure:7174: gcc -c -g -O2 -I/Users/luigi/Library/Developer/Xcode/DerivedData/WiredServer-diuxyepkbhfpstdsraxdsmljpked/SourcePackages/checkouts/OpenSSL/macosx/include -DWI_CORESERVICES -DWI_CARBON -DWI_DIGESTS -DWI_CIPHERS -DWI_PTHREADS -DWI_LIBXML2 -DWI_PLIST -DWI_SQLITE3 -DWI_RSA -DWI_ZLIB -DWI_P7 conftest.c >&5
configure:7174: $? = 0
configure:7174: result: yes
configure:7174: checking for sys/event.h
configure:7174: gcc -c -g -O2 -I/Users/luigi/Library/Developer/Xcode/DerivedData/WiredServer-diuxyepkbhfpstdsraxdsmljpked/SourcePackages/checkouts/OpenSSL/macosx/include -DWI_CORESERVICES -DWI_CARBON -DWI_DIGESTS -DWI_CIPHERS -DWI_PTHREADS -DWI_LIBXML2 -DWI_PLIST -DWI_SQLITE3 -DWI_RSA -DWI_ZLIB -DWI_P7 conftest.c >&5
configure:7174: $? = 0
configure:7174: result: yes
configure:7174: checking for sys/inotify.h
configure:7174: gcc -c -g -O2 -I/Users/luigi/Library/Developer/Xcode/DerivedData/WiredServer-diuxyepkbhfpstdsraxdsmljpked/SourcePackages/checkouts/OpenSSL/macosx/include -DWI_CORESERVICES -DWI_CARBON -DWI_DIGESTS -DWI_CIPHERS -DWI_PTHREADS -DWI_LIBXML2 -DWI_PLIST -DWI_SQLITE3 -DWI_RSA -DWI_ZLIB -DWI_P7 conftest.c >&5
conftest.c:45:10: fatal error: 'sys/inotify.h' file not found
#include <sys/inotify.h>
         ^~~~~~~~~~~~~~~
1 error generated.
configure:7174: $? = 1
configure: failed program was:
| /* confdefs.h */
| #define PACKAGE_NAME "libwired"
| #define PACKAGE_TARNAME "libwired"
| #define PACKAGE_VERSION "1.0"
| #define PACKAGE_STRING "libwired 1.0"
| #define PACKAGE_BUGREPORT "dev@read-write.fr"
| #define PACKAGE_URL ""
| #define WI_VERSION "1.0"
| #define STDC_HEADERS 1
| #define HAVE_SYS_TYPES_H 1
| #define HAVE_SYS_STAT_H 1
| #define HAVE_STDLIB_H 1
| #define HAVE_STRING_H 1
| #define HAVE_MEMORY_H 1
| #define HAVE_STRINGS_H 1
| #define HAVE_INTTYPES_H 1
| #define HAVE_STDINT_H 1
| #define HAVE_UNISTD_H 1
| #define HAVE_CORESERVICES_CORESERVICES_H 1
| #define HAVE_CARBON_CARBON_H 1
| #define HAVE_COMMONCRYPTO_COMMONDIGEST_H 1
| #define HAVE_COMMONCRYPTO_COMMONCRYPTOR_H 1
| #define HAVE_PTHREAD_H 1
| #define HAVE_LIBXML_PARSER_H 1
| #define HAVE_SQLITE3_H 1
| #define WI_SQLITE_SUPPORTS_BACKUP 1
| #define HAVE_COMMONCRYPTO_COMMONDIGEST_H 1
| #define HAVE_COMMONCRYPTO_COMMONCRYPTOR_H 1
| #define HAVE_OPENSSL_SHA_H 1
| #define HAVE_ZLIB_H 1
| #define HAVE_STRUCT_SOCKADDR_SA_LEN 1
| #define HAVE_STRUCT_SOCKADDR_IN_SIN_LEN 1
| #define HAVE_STRUCT_SOCKADDR_IN6_SIN6_LEN 1
| #define HAVE_SYSLOG_FACILITYNAMES 1
| #define HAVE_STRUCT_STAT_ST_BIRTHTIME 1
| #define HAVE_MACH_O_ARCH_H 1
| #define HAVE_MACHINE_PARAM_H 1
| #define HAVE_SYS_ATTR_H 1
| #define HAVE_SYS_EVENT_H 1
| /* end confdefs.h.  */
| 
| 	#include <sys/types.h>
| 
| 
| #include <sys/inotify.h>
configure:7174: result: no
configure:7174: checking for sys/sockio.h
configure:7174: gcc -c -g -O2 -I/Users/luigi/Library/Developer/Xcode/DerivedData/WiredServer-diuxyepkbhfpstdsraxdsmljpked/SourcePackages/checkouts/OpenSSL/macosx/include -DWI_CORESERVICES -DWI_CARBON -DWI_DIGESTS -DWI_CIPHERS -DWI_PTHREADS -DWI_LIBXML2 -DWI_PLIST -DWI_SQLITE3 -DWI_RSA -DWI_ZLIB -DWI_P7 conftest.c >&5
configure:7174: $? = 0
configure:7174: result: yes
configure:7174: checking for sys/statfs.h
configure:7174: gcc -c -g -O2 -I/Users/luigi/Library/Developer/Xcode/DerivedData/WiredServer-diuxyepkbhfpstdsraxdsmljpked/SourcePackages/checkouts/OpenSSL/macosx/include -DWI_CORESERVICES -DWI_CARBON -DWI_DIGESTS -DWI_CIPHERS -DWI_PTHREADS -DWI_LIBXML2 -DWI_PLIST -DWI_SQLITE3 -DWI_RSA -DWI_ZLIB -DWI_P7 conftest.c >&5
conftest.c:46:10: fatal error: 'sys/statfs.h' file not found
#include <sys/statfs.h>
         ^~~~~~~~~~~~~~
1 error generated.
configure:7174: $? = 1
configure: failed program was:
| /* confdefs.h */
| #define PACKAGE_NAME "libwired"
| #define PACKAGE_TARNAME "libwired"
| #define PACKAGE_VERSION "1.0"
| #define PACKAGE_STRING "libwired 1.0"
| #define PACKAGE_BUGREPORT "dev@read-write.fr"
| #define PACKAGE_URL ""
| #define WI_VERSION "1.0"
| #define STDC_HEADERS 1
| #define HAVE_SYS_TYPES_H 1
| #define HAVE_SYS_STAT_H 1
| #define HAVE_STDLIB_H 1
| #define HAVE_STRING_H 1
| #define HAVE_MEMORY_H 1
| #define HAVE_STRINGS_H 1
| #define HAVE_INTTYPES_H 1
| #define HAVE_STDINT_H 1
| #define HAVE_UNISTD_H 1
| #define HAVE_CORESERVICES_CORESERVICES_H 1
| #define HAVE_CARBON_CARBON_H 1
| #define HAVE_COMMONCRYPTO_COMMONDIGEST_H 1
| #define HAVE_COMMONCRYPTO_COMMONCRYPTOR_H 1
| #define HAVE_PTHREAD_H 1
| #define HAVE_LIBXML_PARSER_H 1
| #define HAVE_SQLITE3_H 1
| #define WI_SQLITE_SUPPORTS_BACKUP 1
| #define HAVE_COMMONCRYPTO_COMMONDIGEST_H 1
| #define HAVE_COMMONCRYPTO_COMMONCRYPTOR_H 1
| #define HAVE_OPENSSL_SHA_H 1
| #define HAVE_ZLIB_H 1
| #define HAVE_STRUCT_SOCKADDR_SA_LEN 1
| #define HAVE_STRUCT_SOCKADDR_IN_SIN_LEN 1
| #define HAVE_STRUCT_SOCKADDR_IN6_SIN6_LEN 1
| #define HAVE_SYSLOG_FACILITYNAMES 1
| #define HAVE_STRUCT_STAT_ST_BIRTHTIME 1
| #define HAVE_MACH_O_ARCH_H 1
| #define HAVE_MACHINE_PARAM_H 1
| #define HAVE_SYS_ATTR_H 1
| #define HAVE_SYS_EVENT_H 1
| #define HAVE_SYS_SOCKIO_H 1
| /* end confdefs.h.  */
| 
| 	#include <sys/types.h>
| 
| 
| #include <sys/statfs.h>
configure:7174: result: no
configure:7174: checking for sys/statvfs.h
configure:7174: gcc -c -g -O2 -I/Users/luigi/Library/Developer/Xcode/DerivedData/WiredServer-diuxyepkbhfpstdsraxdsmljpked/SourcePackages/checkouts/OpenSSL/macosx/include -DWI_CORESERVICES -DWI_CARBON -DWI_DIGESTS -DWI_CIPHERS -DWI_PTHREADS -DWI_LIBXML2 -DWI_PLIST -DWI_SQLITE3 -DWI_RSA -DWI_ZLIB -DWI_P7 conftest.c >&5
configure:7174: $? = 0
configure:7174: result: yes
configure:7174: checking for sys/sysctl.h
configure:7174: gcc -c -g -O2 -I/Users/luigi/Library/Developer/Xcode/DerivedData/WiredServer-diuxyepkbhfpstdsraxdsmljpked/SourcePackages/checkouts/OpenSSL/macosx/include -DWI_CORESERVICES -DWI_CARBON -DWI_DIGESTS -DWI_CIPHERS -DWI_PTHREADS -DWI_LIBXML2 -DWI_PLIST -DWI_SQLITE3 -DWI_RSA -DWI_ZLIB -DWI_P7 conftest.c >&5
configure:7174: $? = 0
configure:7174: result: yes
configure:7174: checking for sys/systeminfo.h
configure:7174: gcc -c -g -O2 -I/Users/luigi/Library/Developer/Xcode/DerivedData/WiredServer-diuxyepkbhfpstdsraxdsmljpked/SourcePackages/checkouts/OpenSSL/macosx/include -DWI_CORESERVICES -DWI_CARBON -DWI_DIGESTS -DWI_CIPHERS -DWI_PTHREADS -DWI_LIBXML2 -DWI_PLIST -DWI_SQLITE3 -DWI_RSA -DWI_ZLIB -DWI_P7 conftest.c >&5
conftest.c:48:10: fatal error: 'sys/systeminfo.h' file not found
#include <sys/systeminfo.h>
         ^~~~~~~~~~~~~~~~~~
1 error generated.
configure:7174: $? = 1
configure: failed program was:
| /* confdefs.h */
| #define PACKAGE_NAME "libwired"
| #define PACKAGE_TARNAME "libwired"
| #define PACKAGE_VERSION "1.0"
| #define PACKAGE_STRING "libwired 1.0"
| #define PACKAGE_BUGREPORT "dev@read-write.fr"
| #define PACKAGE_URL ""
| #define WI_VERSION "1.0"
| #define STDC_HEADERS 1
| #define HAVE_SYS_TYPES_H 1
| #define HAVE_SYS_STAT_H 1
| #define HAVE_STDLIB_H 1
| #define HAVE_STRING_H 1
| #define HAVE_MEMORY_H 1
| #define HAVE_STRINGS_H 1
| #define HAVE_INTTYPES_H 1
| #define HAVE_STDINT_H 1
| #define HAVE_UNISTD_H 1
| #define HAVE_CORESERVICES_CORESERVICES_H 1
| #define HAVE_CARBON_CARBON_H 1
| #define HAVE_COMMONCRYPTO_COMMONDIGEST_H 1
| #define HAVE_COMMONCRYPTO_COMMONCRYPTOR_H 1
| #define HAVE_PTHREAD_H 1
| #define HAVE_LIBXML_PARSER_H 1
| #define HAVE_SQLITE3_H 1
| #define WI_SQLITE_SUPPORTS_BACKUP 1
| #define HAVE_COMMONCRYPTO_COMMONDIGEST_H 1
| #define HAVE_COMMONCRYPTO_COMMONCRYPTOR_H 1
| #define HAVE_OPENSSL_SHA_H 1
| #define HAVE_ZLIB_H 1
| #define HAVE_STRUCT_SOCKADDR_SA_LEN 1
| #define HAVE_STRUCT_SOCKADDR_IN_SIN_LEN 1
| #define HAVE_STRUCT_SOCKADDR_IN6_SIN6_LEN 1
| #define HAVE_SYSLOG_FACILITYNAMES 1
| #define HAVE_STRUCT_STAT_ST_BIRTHTIME 1
| #define HAVE_MACH_O_ARCH_H 1
| #define HAVE_MACHINE_PARAM_H 1
| #define HAVE_SYS_ATTR_H 1
| #define HAVE_SYS_EVENT_H 1
| #define HAVE_SYS_SOCKIO_H 1
| #define HAVE_SYS_STATVFS_H 1
| #define HAVE_SYS_SYSCTL_H 1
| /* end confdefs.h.  */
| 
| 	#include <sys/types.h>
| 
| 
| #include <sys/systeminfo.h>
configure:7174: result: no
configure:7174: checking for netinet/in_systm.h
configure:7174: gcc -c -g -O2 -I/Users/luigi/Library/Developer/Xcode/DerivedData/WiredServer-diuxyepkbhfpstdsraxdsmljpked/SourcePackages/checkouts/OpenSSL/macosx/include -DWI_CORESERVICES -DWI_CARBON -DWI_DIGESTS -DWI_CIPHERS -DWI_PTHREADS -DWI_LIBXML2 -DWI_PLIST -DWI_SQLITE3 -DWI_RSA -DWI_ZLIB -DWI_P7 conftest.c >&5
configure:7174: $? = 0
configure:7174: result: yes
configure:7174: checking for netinet/ip.h
configure:7174: gcc -c -g -O2 -I/Users/luigi/Library/Developer/Xcode/DerivedData/WiredServer-diuxyepkbhfpstdsraxdsmljpked/SourcePackages/checkouts/OpenSSL/macosx/include -DWI_CORESERVICES -DWI_CARBON -DWI_DIGESTS -DWI_CIPHERS -DWI_PTHREADS -DWI_LIBXML2 -DWI_PLIST -DWI_SQLITE3 -DWI_RSA -DWI_ZLIB -DWI_P7 conftest.c >&5
configure:7174: $? = 0
configure:7174: result: yes
configure:7174: checking for inotifytools/inotify.h
configure:7174: gcc -c -g -O2 -I/Users/luigi/Library/Developer/Xcode/DerivedData/WiredServer-diuxyepkbhfpstdsraxdsmljpked/SourcePackages/checkouts/OpenSSL/macosx/include -DWI_CORESERVICES -DWI_CARBON -DWI_DIGESTS -DWI_CIPHERS -DWI_PTHREADS -DWI_LIBXML2 -DWI_PLIST -DWI_SQLITE3 -DWI_RSA -DWI_ZLIB -DWI_P7 conftest.c >&5
conftest.c:50:10: fatal error: 'inotifytools/inotify.h' file not found
#include <inotifytools/inotify.h>
         ^~~~~~~~~~~~~~~~~~~~~~~~
1 error generated.
configure:7174: $? = 1
configure: failed program was:
| /* confdefs.h */
| #define PACKAGE_NAME "libwired"
| #define PACKAGE_TARNAME "libwired"
| #define PACKAGE_VERSION "1.0"
| #define PACKAGE_STRING "libwired 1.0"
| #define PACKAGE_BUGREPORT "dev@read-write.fr"
| #define PACKAGE_URL ""
| #define WI_VERSION "1.0"
| #define STDC_HEADERS 1
| #define HAVE_SYS_TYPES_H 1
| #define HAVE_SYS_STAT_H 1
| #define HAVE_STDLIB_H 1
| #define HAVE_STRING_H 1
| #define HAVE_MEMORY_H 1
| #define HAVE_STRINGS_H 1
| #define HAVE_INTTYPES_H 1
| #define HAVE_STDINT_H 1
| #define HAVE_UNISTD_H 1
| #define HAVE_CORESERVICES_CORESERVICES_H 1
| #define HAVE_CARBON_CARBON_H 1
| #define HAVE_COMMONCRYPTO_COMMONDIGEST_H 1
| #define HAVE_COMMONCRYPTO_COMMONCRYPTOR_H 1
| #define HAVE_PTHREAD_H 1
| #define HAVE_LIBXML_PARSER_H 1
| #define HAVE_SQLITE3_H 1
| #define WI_SQLITE_SUPPORTS_BACKUP 1
| #define HAVE_COMMONCRYPTO_COMMONDIGEST_H 1
| #define HAVE_COMMONCRYPTO_COMMONCRYPTOR_H 1
| #define HAVE_OPENSSL_SHA_H 1
| #define HAVE_ZLIB_H 1
| #define HAVE_STRUCT_SOCKADDR_SA_LEN 1
| #define HAVE_STRUCT_SOCKADDR_IN_SIN_LEN 1
| #define HAVE_STRUCT_SOCKADDR_IN6_SIN6_LEN 1
| #define HAVE_SYSLOG_FACILITYNAMES 1
| #define HAVE_STRUCT_STAT_ST_BIRTHTIME 1
| #define HAVE_MACH_O_ARCH_H 1
| #define HAVE_MACHINE_PARAM_H 1
| #define HAVE_SYS_ATTR_H 1
| #define HAVE_SYS_EVENT_H 1
| #define HAVE_SYS_SOCKIO_H 1
| #define HAVE_SYS_STATVFS_H 1
| #define HAVE_SYS_SYSCTL_H 1
| #define HAVE_NETINET_IN_SYSTM_H 1
| #define HAVE_NETINET_IP_H 1
| /* end confdefs.h.  */
| 
| 	#include <sys/types.h>
| 
| 
| #include <inotifytools/inotify.h>
configure:7174: result: no
configure:7174: checking for getopt.h
configure:7174: gcc -c -g -O2 -I/Users/luigi/Library/Developer/Xcode/DerivedData/WiredServer-diuxyepkbhfpstdsraxdsmljpked/SourcePackages/checkouts/OpenSSL/macosx/include -DWI_CORESERVICES -DWI_CARBON -DWI_DIGESTS -DWI_CIPHERS -DWI_PTHREADS -DWI_LIBXML2 -DWI_PLIST -DWI_SQLITE3 -DWI_RSA -DWI_ZLIB -DWI_P7 conftest.c >&5
configure:7174: $? = 0
configure:7174: result: yes
configure:7174: checking for ifaddrs.h
configure:7174: gcc -c -g -O2 -I/Users/luigi/Library/Developer/Xcode/DerivedData/WiredServer-diuxyepkbhfpstdsraxdsmljpked/SourcePackages/checkouts/OpenSSL/macosx/include -DWI_CORESERVICES -DWI_CARBON -DWI_DIGESTS -DWI_CIPHERS -DWI_PTHREADS -DWI_LIBXML2 -DWI_PLIST -DWI_SQLITE3 -DWI_RSA -DWI_ZLIB -DWI_P7 conftest.c >&5
configure:7174: $? = 0
configure:7174: result: yes
configure:7174: checking for net/if_dl.h
configure:7174: gcc -c -g -O2 -I/Users/luigi/Library/Developer/Xcode/DerivedData/WiredServer-diuxyepkbhfpstdsraxdsmljpked/SourcePackages/checkouts/OpenSSL/macosx/include -DWI_CORESERVICES -DWI_CARBON -DWI_DIGESTS -DWI_CIPHERS -DWI_PTHREADS -DWI_LIBXML2 -DWI_PLIST -DWI_SQLITE3 -DWI_RSA -DWI_ZLIB -DWI_P7 conftest.c >&5
configure:7174: $? = 0
configure:7174: result: yes
configure:7174: checking for paths.h
configure:7174: gcc -c -g -O2 -I/Users/luigi/Library/Developer/Xcode/DerivedData/WiredServer-diuxyepkbhfpstdsraxdsmljpked/SourcePackages/checkouts/OpenSSL/macosx/include -DWI_CORESERVICES -DWI_CARBON -DWI_DIGESTS -DWI_CIPHERS -DWI_PTHREADS -DWI_LIBXML2 -DWI_PLIST -DWI_SQLITE3 -DWI_RSA -DWI_ZLIB -DWI_P7 conftest.c >&5
configure:7174: $? = 0
configure:7174: result: yes
configure:7174: checking for execinfo.h
configure:7174: gcc -c -g -O2 -I/Users/luigi/Library/Developer/Xcode/DerivedData/WiredServer-diuxyepkbhfpstdsraxdsmljpked/SourcePackages/checkouts/OpenSSL/macosx/include -DWI_CORESERVICES -DWI_CARBON -DWI_DIGESTS -DWI_CIPHERS -DWI_PTHREADS -DWI_LIBXML2 -DWI_PLIST -DWI_SQLITE3 -DWI_RSA -DWI_ZLIB -DWI_P7 conftest.c >&5
configure:7174: $? = 0
configure:7174: result: yes
configure:7192: checking whether optreset is declared
configure:7192: gcc -c -g -O2 -I/Users/luigi/Library/Developer/Xcode/DerivedData/WiredServer-diuxyepkbhfpstdsraxdsmljpked/SourcePackages/checkouts/OpenSSL/macosx/include -DWI_CORESERVICES -DWI_CARBON -DWI_DIGESTS -DWI_CIPHERS -DWI_PTHREADS -DWI_LIBXML2 -DWI_PLIST -DWI_SQLITE3 -DWI_RSA -DWI_ZLIB -DWI_P7 conftest.c >&5
configure:7192: $? = 0
configure:7192: result: yes
configure:7210: checking for special C compiler options needed for large files
configure:7255: result: no
configure:7261: checking for _FILE_OFFSET_BITS value needed for large files
configure:7286: gcc -c -g -O2 -I/Users/luigi/Library/Developer/Xcode/DerivedData/WiredServer-diuxyepkbhfpstdsraxdsmljpked/SourcePackages/checkouts/OpenSSL/macosx/include -DWI_CORESERVICES -DWI_CARBON -DWI_DIGESTS -DWI_CIPHERS -DWI_PTHREADS -DWI_LIBXML2 -DWI_PLIST -DWI_SQLITE3 -DWI_RSA -DWI_ZLIB -DWI_P7 conftest.c >&5
configure:7286: $? = 0
configure:7318: result: no
configure:7403: checking for intmax_t
configure:7403: gcc -c -g -O2 -I/Users/luigi/Library/Developer/Xcode/DerivedData/WiredServer-diuxyepkbhfpstdsraxdsmljpked/SourcePackages/checkouts/OpenSSL/macosx/include -DWI_CORESERVICES -DWI_CARBON -DWI_DIGESTS -DWI_CIPHERS -DWI_PTHREADS -DWI_LIBXML2 -DWI_PLIST -DWI_SQLITE3 -DWI_RSA -DWI_ZLIB -DWI_P7 conftest.c >&5
configure:7403: $? = 0
configure:7403: gcc -c -g -O2 -I/Users/luigi/Library/Developer/Xcode/DerivedData/WiredServer-diuxyepkbhfpstdsraxdsmljpked/SourcePackages/checkouts/OpenSSL/macosx/include -DWI_CORESERVICES -DWI_CARBON -DWI_DIGESTS -DWI_CIPHERS -DWI_PTHREADS -DWI_LIBXML2 -DWI_PLIST -DWI_SQLITE3 -DWI_RSA -DWI_ZLIB -DWI_P7 conftest.c >&5
conftest.c:88:23: error: expected expression
if (sizeof ((intmax_t)))
                      ^
1 error generated.
configure:7403: $? = 1
configure: failed program was:
| /* confdefs.h */
| #define PACKAGE_NAME "libwired"
| #define PACKAGE_TARNAME "libwired"
| #define PACKAGE_VERSION "1.0"
| #define PACKAGE_STRING "libwired 1.0"
| #define PACKAGE_BUGREPORT "dev@read-write.fr"
| #define PACKAGE_URL ""
| #define WI_VERSION "1.0"
| #define STDC_HEADERS 1
| #define HAVE_SYS_TYPES_H 1
| #define HAVE_SYS_STAT_H 1
| #define HAVE_STDLIB_H 1
| #define HAVE_STRING_H 1
| #define HAVE_MEMORY_H 1
| #define HAVE_STRINGS_H 1
| #define HAVE_INTTYPES_H 1
| #define HAVE_STDINT_H 1
| #define HAVE_UNISTD_H 1
| #define HAVE_CORESERVICES_CORESERVICES_H 1
| #define HAVE_CARBON_CARBON_H 1
| #define HAVE_COMMONCRYPTO_COMMONDIGEST_H 1
| #define HAVE_COMMONCRYPTO_COMMONCRYPTOR_H 1
| #define HAVE_PTHREAD_H 1
| #define HAVE_LIBXML_PARSER_H 1
| #define HAVE_SQLITE3_H 1
| #define WI_SQLITE_SUPPORTS_BACKUP 1
| #define HAVE_COMMONCRYPTO_COMMONDIGEST_H 1
| #define HAVE_COMMONCRYPTO_COMMONCRYPTOR_H 1
| #define HAVE_OPENSSL_SHA_H 1
| #define HAVE_ZLIB_H 1
| #define HAVE_STRUCT_SOCKADDR_SA_LEN 1
| #define HAVE_STRUCT_SOCKADDR_IN_SIN_LEN 1
| #define HAVE_STRUCT_SOCKADDR_IN6_SIN6_LEN 1
| #define HAVE_SYSLOG_FACILITYNAMES 1
| #define HAVE_STRUCT_STAT_ST_BIRTHTIME 1
| #define HAVE_MACH_O_ARCH_H 1
| #define HAVE_MACHINE_PARAM_H 1
| #define HAVE_SYS_ATTR_H 1
| #define HAVE_SYS_EVENT_H 1
| #define HAVE_SYS_SOCKIO_H 1
| #define HAVE_SYS_STATVFS_H 1
| #define HAVE_SYS_SYSCTL_H 1
| #define HAVE_NETINET_IN_SYSTM_H 1
| #define HAVE_NETINET_IP_H 1
| #define HAVE_GETOPT_H 1
| #define HAVE_IFADDRS_H 1
| #define HAVE_NET_IF_DL_H 1
| #define HAVE_PATHS_H 1
| #define HAVE_EXECINFO_H 1
| #define HAVE_DECL_OPTRESET 1
| /* end confdefs.h.  */
| #include <stdio.h>
| #ifdef HAVE_SYS_TYPES_H
| # include <sys/types.h>
| #endif
| #ifdef HAVE_SYS_STAT_H
| # include <sys/stat.h>
| #endif
| #ifdef STDC_HEADERS
| # include <stdlib.h>
| # include <stddef.h>
| #else
| # ifdef HAVE_STDLIB_H
| #  include <stdlib.h>
| # endif
| #endif
| #ifdef HAVE_STRING_H
| # if !defined STDC_HEADERS && defined HAVE_MEMORY_H
| #  include <memory.h>
| # endif
| # include <string.h>
| #endif
| #ifdef HAVE_STRINGS_H
| # include <strings.h>
| #endif
| #ifdef HAVE_INTTYPES_H
| # include <inttypes.h>
| #endif
| #ifdef HAVE_STDINT_H
| # include <stdint.h>
| #endif
| #ifdef HAVE_UNISTD_H
| # include <unistd.h>
| #endif
| int
| main ()
| {
| if (sizeof ((intmax_t)))
| 	    return 0;
|   ;
|   return 0;
| }
configure:7403: result: yes
configure:7413: checking for ptrdiff_t
configure:7413: gcc -c -g -O2 -I/Users/luigi/Library/Developer/Xcode/DerivedData/WiredServer-diuxyepkbhfpstdsraxdsmljpked/SourcePackages/checkouts/OpenSSL/macosx/include -DWI_CORESERVICES -DWI_CARBON -DWI_DIGESTS -DWI_CIPHERS -DWI_PTHREADS -DWI_LIBXML2 -DWI_PLIST -DWI_SQLITE3 -DWI_RSA -DWI_ZLIB -DWI_P7 conftest.c >&5
configure:7413: $? = 0
configure:7413: gcc -c -g -O2 -I/Users/luigi/Library/Developer/Xcode/DerivedData/WiredServer-diuxyepkbhfpstdsraxdsmljpked/SourcePackages/checkouts/OpenSSL/macosx/include -DWI_CORESERVICES -DWI_CARBON -DWI_DIGESTS -DWI_CIPHERS -DWI_PTHREADS -DWI_LIBXML2 -DWI_PLIST -DWI_SQLITE3 -DWI_RSA -DWI_ZLIB -DWI_P7 conftest.c >&5
conftest.c:89:24: error: expected expression
if (sizeof ((ptrdiff_t)))
                       ^
1 error generated.
configure:7413: $? = 1
configure: failed program was:
| /* confdefs.h */
| #define PACKAGE_NAME "libwired"
| #define PACKAGE_TARNAME "libwired"
| #define PACKAGE_VERSION "1.0"
| #define PACKAGE_STRING "libwired 1.0"
| #define PACKAGE_BUGREPORT "dev@read-write.fr"
| #define PACKAGE_URL ""
| #define WI_VERSION "1.0"
| #define STDC_HEADERS 1
| #define HAVE_SYS_TYPES_H 1
| #define HAVE_SYS_STAT_H 1
| #define HAVE_STDLIB_H 1
| #define HAVE_STRING_H 1
| #define HAVE_MEMORY_H 1
| #define HAVE_STRINGS_H 1
| #define HAVE_INTTYPES_H 1
| #define HAVE_STDINT_H 1
| #define HAVE_UNISTD_H 1
| #define HAVE_CORESERVICES_CORESERVICES_H 1
| #define HAVE_CARBON_CARBON_H 1
| #define HAVE_COMMONCRYPTO_COMMONDIGEST_H 1
| #define HAVE_COMMONCRYPTO_COMMONCRYPTOR_H 1
| #define HAVE_PTHREAD_H 1
| #define HAVE_LIBXML_PARSER_H 1
| #define HAVE_SQLITE3_H 1
| #define WI_SQLITE_SUPPORTS_BACKUP 1
| #define HAVE_COMMONCRYPTO_COMMONDIGEST_H 1
| #define HAVE_COMMONCRYPTO_COMMONCRYPTOR_H 1
| #define HAVE_OPENSSL_SHA_H 1
| #define HAVE_ZLIB_H 1
| #define HAVE_STRUCT_SOCKADDR_SA_LEN 1
| #define HAVE_STRUCT_SOCKADDR_IN_SIN_LEN 1
| #define HAVE_STRUCT_SOCKADDR_IN6_SIN6_LEN 1
| #define HAVE_SYSLOG_FACILITYNAMES 1
| #define HAVE_STRUCT_STAT_ST_BIRTHTIME 1
| #define HAVE_MACH_O_ARCH_H 1
| #define HAVE_MACHINE_PARAM_H 1
| #define HAVE_SYS_ATTR_H 1
| #define HAVE_SYS_EVENT_H 1
| #define HAVE_SYS_SOCKIO_H 1
| #define HAVE_SYS_STATVFS_H 1
| #define HAVE_SYS_SYSCTL_H 1
| #define HAVE_NETINET_IN_SYSTM_H 1
| #define HAVE_NETINET_IP_H 1
| #define HAVE_GETOPT_H 1
| #define HAVE_IFADDRS_H 1
| #define HAVE_NET_IF_DL_H 1
| #define HAVE_PATHS_H 1
| #define HAVE_EXECINFO_H 1
| #define HAVE_DECL_OPTRESET 1
| #define HAVE_INTMAX_T 1
| /* end confdefs.h.  */
| #include <stdio.h>
| #ifdef HAVE_SYS_TYPES_H
| # include <sys/types.h>
| #endif
| #ifdef HAVE_SYS_STAT_H
| # include <sys/stat.h>
| #endif
| #ifdef STDC_HEADERS
| # include <stdlib.h>
| # include <stddef.h>
| #else
| # ifdef HAVE_STDLIB_H
| #  include <stdlib.h>
| # endif
| #endif
| #ifdef HAVE_STRING_H
| # if !defined STDC_HEADERS && defined HAVE_MEMORY_H
| #  include <memory.h>
| # endif
| # include <string.h>
| #endif
| #ifdef HAVE_STRINGS_H
| # include <strings.h>
| #endif
| #ifdef HAVE_INTTYPES_H
| # include <inttypes.h>
| #endif
| #ifdef HAVE_STDINT_H
| # include <stdint.h>
| #endif
| #ifdef HAVE_UNISTD_H
| # include <unistd.h>
| #endif
| int
| main ()
| {
| if (sizeof ((ptrdiff_t)))
| 	    return 0;
|   ;
|   return 0;
| }
configure:7413: result: yes
configure:7431: checking for _LARGEFILE_SOURCE value needed for large files
configure:7450: gcc -o conftest -g -O2 -I/Users/luigi/Library/Developer/Xcode/DerivedData/WiredServer-diuxyepkbhfpstdsraxdsmljpked/SourcePackages/checkouts/OpenSSL/macosx/include -DWI_CORESERVICES -DWI_CARBON -DWI_DIGESTS -DWI_CIPHERS -DWI_PTHREADS -DWI_LIBXML2 -DWI_PLIST -DWI_SQLITE3 -DWI_RSA -DWI_ZLIB -DWI_P7 -L/Users/luigi/Library/Developer/Xcode/DerivedData/WiredServer-diuxyepkbhfpstdsraxdsmljpked/SourcePackages/checkouts/OpenSSL/macosx/lib conftest.c -framework CoreServices -framework Carbon -lxml2 -lsqlite3 -lcrypto -lz >&5
configure:7450: $? = 0
configure:7478: result: no
configure:7527: checking for MDItemCreate
configure:7527: gcc -o conftest -g -O2 -I/Users/luigi/Library/Developer/Xcode/DerivedData/WiredServer-diuxyepkbhfpstdsraxdsmljpked/SourcePackages/checkouts/OpenSSL/macosx/include -DWI_CORESERVICES -DWI_CARBON -DWI_DIGESTS -DWI_CIPHERS -DWI_PTHREADS -DWI_LIBXML2 -DWI_PLIST -DWI_SQLITE3 -DWI_RSA -DWI_ZLIB -DWI_P7 -L/Users/luigi/Library/Developer/Xcode/DerivedData/WiredServer-diuxyepkbhfpstdsraxdsmljpked/SourcePackages/checkouts/OpenSSL/macosx/lib conftest.c -framework CoreServices -framework Carbon -lxml2 -lsqlite3 -lcrypto -lz >&5
configure:7527: $? = 0
configure:7527: result: yes
configure:7527: checking for NXGetLocalArchInfo
configure:7527: gcc -o conftest -g -O2 -I/Users/luigi/Library/Developer/Xcode/DerivedData/WiredServer-diuxyepkbhfpstdsraxdsmljpked/SourcePackages/checkouts/OpenSSL/macosx/include -DWI_CORESERVICES -DWI_CARBON -DWI_DIGESTS -DWI_CIPHERS -DWI_PTHREADS -DWI_LIBXML2 -DWI_PLIST -DWI_SQLITE3 -DWI_RSA -DWI_ZLIB -DWI_P7 -L/Users/luigi/Library/Developer/Xcode/DerivedData/WiredServer-diuxyepkbhfpstdsraxdsmljpked/SourcePackages/checkouts/OpenSSL/macosx/lib conftest.c -framework CoreServices -framework Carbon -lxml2 -lsqlite3 -lcrypto -lz >&5
configure:7527: $? = 0
configure:7527: result: yes
configure:7527: checking for backtrace
configure:7527: gcc -o conftest -g -O2 -I/Users/luigi/Library/Developer/Xcode/DerivedData/WiredServer-diuxyepkbhfpstdsraxdsmljpked/SourcePackages/checkouts/OpenSSL/macosx/include -DWI_CORESERVICES -DWI_CARBON -DWI_DIGESTS -DWI_CIPHERS -DWI_PTHREADS -DWI_LIBXML2 -DWI_PLIST -DWI_SQLITE3 -DWI_RSA -DWI_ZLIB -DWI_P7 -L/Users/luigi/Library/Developer/Xcode/DerivedData/WiredServer-diuxyepkbhfpstdsraxdsmljpked/SourcePackages/checkouts/OpenSSL/macosx/lib conftest.c -framework CoreServices -framework Carbon -lxml2 -lsqlite3 -lcrypto -lz >&5
configure:7527: $? = 0
configure:7527: result: yes
configure:7527: checking for dirfd
configure:7527: gcc -o conftest -g -O2 -I/Users/luigi/Library/Developer/Xcode/DerivedData/WiredServer-diuxyepkbhfpstdsraxdsmljpked/SourcePackages/checkouts/OpenSSL/macosx/include -DWI_CORESERVICES -DWI_CARBON -DWI_DIGESTS -DWI_CIPHERS -DWI_PTHREADS -DWI_LIBXML2 -DWI_PLIST -DWI_SQLITE3 -DWI_RSA -DWI_ZLIB -DWI_P7 -L/Users/luigi/Library/Developer/Xcode/DerivedData/WiredServer-diuxyepkbhfpstdsraxdsmljpked/SourcePackages/checkouts/OpenSSL/macosx/lib conftest.c -framework CoreServices -framework Carbon -lxml2 -lsqlite3 -lcrypto -lz >&5
configure:7527: $? = 0
configure:7527: result: yes
configure:7527: checking for getifaddrs
configure:7527: gcc -o conftest -g -O2 -I/Users/luigi/Library/Developer/Xcode/DerivedData/WiredServer-diuxyepkbhfpstdsraxdsmljpked/SourcePackages/checkouts/OpenSSL/macosx/include -DWI_CORESERVICES -DWI_CARBON -DWI_DIGESTS -DWI_CIPHERS -DWI_PTHREADS -DWI_LIBXML2 -DWI_PLIST -DWI_SQLITE3 -DWI_RSA -DWI_ZLIB -DWI_P7 -L/Users/luigi/Library/Developer/Xcode/DerivedData/WiredServer-diuxyepkbhfpstdsraxdsmljpked/SourcePackages/checkouts/OpenSSL/macosx/lib conftest.c -framework CoreServices -framework Carbon -lxml2 -lsqlite3 -lcrypto -lz >&5
configure:7527: $? = 0
configure:7527: result: yes
configure:7527: checking for getpagesize
configure:7527: gcc -o conftest -g -O2 -I/Users/luigi/Library/Developer/Xcode/DerivedData/WiredServer-diuxyepkbhfpstdsraxdsmljpked/SourcePackages/checkouts/OpenSSL/macosx/include -DWI_CORESERVICES -DWI_CARBON -DWI_DIGESTS -DWI_CIPHERS -DWI_PTHREADS -DWI_LIBXML2 -DWI_PLIST -DWI_SQLITE3 -DWI_RSA -DWI_ZLIB -DWI_P7 -L/Users/luigi/Library/Developer/Xcode/DerivedData/WiredServer-diuxyepkbhfpstdsraxdsmljpked/SourcePackages/checkouts/OpenSSL/macosx/lib conftest.c -framework CoreServices -framework Carbon -lxml2 -lsqlite3 -lcrypto -lz >&5
configure:7527: $? = 0
configure:7527: result: yes
configure:7527: checking for pthread_attr_setschedpolicy
configure:7527: gcc -o conftest -g -O2 -I/Users/luigi/Library/Developer/Xcode/DerivedData/WiredServer-diuxyepkbhfpstdsraxdsmljpked/SourcePackages/checkouts/OpenSSL/macosx/include -DWI_CORESERVICES -DWI_CARBON -DWI_DIGESTS -DWI_CIPHERS -DWI_PTHREADS -DWI_LIBXML2 -DWI_PLIST -DWI_SQLITE3 -DWI_RSA -DWI_ZLIB -DWI_P7 -L/Users/luigi/Library/Developer/Xcode/DerivedData/WiredServer-diuxyepkbhfpstdsraxdsmljpked/SourcePackages/checkouts/OpenSSL/macosx/lib conftest.c -framework CoreServices -framework Carbon -lxml2 -lsqlite3 -lcrypto -lz >&5
configure:7527: $? = 0
configure:7527: result: yes
configure:7527: checking for qsort_r
configure:7527: gcc -o conftest -g -O2 -I/Users/luigi/Library/Developer/Xcode/DerivedData/WiredServer-diuxyepkbhfpstdsraxdsmljpked/SourcePackages/checkouts/OpenSSL/macosx/include -DWI_CORESERVICES -DWI_CARBON -DWI_DIGESTS -DWI_CIPHERS -DWI_PTHREADS -DWI_LIBXML2 -DWI_PLIST -DWI_SQLITE3 -DWI_RSA -DWI_ZLIB -DWI_P7 -L/Users/luigi/Library/Developer/Xcode/DerivedData/WiredServer-diuxyepkbhfpstdsraxdsmljpked/SourcePackages/checkouts/OpenSSL/macosx/lib conftest.c -framework CoreServices -framework Carbon -lxml2 -lsqlite3 -lcrypto -lz >&5
configure:7527: $? = 0
configure:7527: result: yes
configure:7527: checking for sched_get_priority_max
configure:7527: gcc -o conftest -g -O2 -I/Users/luigi/Library/Developer/Xcode/DerivedData/WiredServer-diuxyepkbhfpstdsraxdsmljpked/SourcePackages/checkouts/OpenSSL/macosx/include -DWI_CORESERVICES -DWI_CARBON -DWI_DIGESTS -DWI_CIPHERS -DWI_PTHREADS -DWI_LIBXML2 -DWI_PLIST -DWI_SQLITE3 -DWI_RSA -DWI_ZLIB -DWI_P7 -L/Users/luigi/Library/Developer/Xcode/DerivedData/WiredServer-diuxyepkbhfpstdsraxdsmljpked/SourcePackages/checkouts/OpenSSL/macosx/lib conftest.c -framework CoreServices -framework Carbon -lxml2 -lsqlite3 -lcrypto -lz >&5
configure:7527: $? = 0
configure:7527: result: yes
configure:7527: checking for sched_get_priority_min
configure:7527: gcc -o conftest -g -O2 -I/Users/luigi/Library/Developer/Xcode/DerivedData/WiredServer-diuxyepkbhfpstdsraxdsmljpked/SourcePackages/checkouts/OpenSSL/macosx/include -DWI_CORESERVICES -DWI_CARBON -DWI_DIGESTS -DWI_CIPHERS -DWI_PTHREADS -DWI_LIBXML2 -DWI_PLIST -DWI_SQLITE3 -DWI_RSA -DWI_ZLIB -DWI_P7 -L/Users/luigi/Library/Developer/Xcode/DerivedData/WiredServer-diuxyepkbhfpstdsraxdsmljpked/SourcePackages/checkouts/OpenSSL/macosx/lib conftest.c -framework CoreServices -framework Carbon -lxml2 -lsqlite3 -lcrypto -lz >&5
configure:7527: $? = 0
configure:7527: result: yes
configure:7527: checking for setproctitle
configure:7527: gcc -o conftest -g -O2 -I/Users/luigi/Library/Developer/Xcode/DerivedData/WiredServer-diuxyepkbhfpstdsraxdsmljpked/SourcePackages/checkouts/OpenSSL/macosx/include -DWI_CORESERVICES -DWI_CARBON -DWI_DIGESTS -DWI_CIPHERS -DWI_PTHREADS -DWI_LIBXML2 -DWI_PLIST -DWI_SQLITE3 -DWI_RSA -DWI_ZLIB -DWI_P7 -L/Users/luigi/Library/Developer/Xcode/DerivedData/WiredServer-diuxyepkbhfpstdsraxdsmljpked/SourcePackages/checkouts/OpenSSL/macosx/lib conftest.c -framework CoreServices -framework Carbon -lxml2 -lsqlite3 -lcrypto -lz >&5
ld: Undefined symbols:
  _setproctitle, referenced from:
      _main in conftest-121eed.o
clang: error: linker command failed with exit code 1 (use -v to see invocation)
configure:7527: $? = 1
configure: failed program was:
| /* confdefs.h */
| #define PACKAGE_NAME "libwired"
| #define PACKAGE_TARNAME "libwired"
| #define PACKAGE_VERSION "1.0"
| #define PACKAGE_STRING "libwired 1.0"
| #define PACKAGE_BUGREPORT "dev@read-write.fr"
| #define PACKAGE_URL ""
| #define WI_VERSION "1.0"
| #define STDC_HEADERS 1
| #define HAVE_SYS_TYPES_H 1
| #define HAVE_SYS_STAT_H 1
| #define HAVE_STDLIB_H 1
| #define HAVE_STRING_H 1
| #define HAVE_MEMORY_H 1
| #define HAVE_STRINGS_H 1
| #define HAVE_INTTYPES_H 1
| #define HAVE_STDINT_H 1
| #define HAVE_UNISTD_H 1
| #define HAVE_CORESERVICES_CORESERVICES_H 1
| #define HAVE_CARBON_CARBON_H 1
| #define HAVE_COMMONCRYPTO_COMMONDIGEST_H 1
| #define HAVE_COMMONCRYPTO_COMMONCRYPTOR_H 1
| #define HAVE_PTHREAD_H 1
| #define HAVE_LIBXML_PARSER_H 1
| #define HAVE_SQLITE3_H 1
| #define WI_SQLITE_SUPPORTS_BACKUP 1
| #define HAVE_COMMONCRYPTO_COMMONDIGEST_H 1
| #define HAVE_COMMONCRYPTO_COMMONCRYPTOR_H 1
| #define HAVE_OPENSSL_SHA_H 1
| #define HAVE_ZLIB_H 1
| #define HAVE_STRUCT_SOCKADDR_SA_LEN 1
| #define HAVE_STRUCT_SOCKADDR_IN_SIN_LEN 1
| #define HAVE_STRUCT_SOCKADDR_IN6_SIN6_LEN 1
| #define HAVE_SYSLOG_FACILITYNAMES 1
| #define HAVE_STRUCT_STAT_ST_BIRTHTIME 1
| #define HAVE_MACH_O_ARCH_H 1
| #define HAVE_MACHINE_PARAM_H 1
| #define HAVE_SYS_ATTR_H 1
| #define HAVE_SYS_EVENT_H 1
| #define HAVE_SYS_SOCKIO_H 1
| #define HAVE_SYS_STATVFS_H 1
| #define HAVE_SYS_SYSCTL_H 1
| #define HAVE_NETINET_IN_SYSTM_H 1
| #define HAVE_NETINET_IP_H 1
| #define HAVE_GETOPT_H 1
| #define HAVE_IFADDRS_H 1
| #define HAVE_NET_IF_DL_H 1
| #define HAVE_PATHS_H 1
| #define HAVE_EXECINFO_H 1
| #define HAVE_DECL_OPTRESET 1
| #define HAVE_INTMAX_T 1
| #define HAVE_PTRDIFF_T 1
| #define _DARWIN_USE_64_BIT_INODE 1
| #define HAVE_FSEEKO 1
| #define HAVE_MDITEMCREATE 1
| #define HAVE_NXGETLOCALARCHINFO 1
| #define HAVE_BACKTRACE 1
| #define HAVE_DIRFD 1
| #define HAVE_GETIFADDRS 1
| #define HAVE_GETPAGESIZE 1
| #define HAVE_PTHREAD_ATTR_SETSCHEDPOLICY 1
| #define HAVE_QSORT_R 1
| #define HAVE_SCHED_GET_PRIORITY_MAX 1
| #define HAVE_SCHED_GET_PRIORITY_MIN 1
| /* end confdefs.h.  */
| /* Define setproctitle to an innocuous variant, in case <limits.h> declares setproctitle.
|    For example, HP-UX 11i <limits.h> declares gettimeofday.  */
| #define setproctitle innocuous_setproctitle
| 
| /* System header to define __stub macros and hopefully few prototypes,
|     which can conflict with char setproctitle (); below.
|     Prefer <limits.h> to <assert.h> if __STDC__ is defined, since
|     <limits.h> exists even on freestanding compilers.  */
| 
| #ifdef __STDC__
| # include <limits.h>
| #else
| # include <assert.h>
| #endif
| 
| #undef setproctitle
| 
| /* Override any GCC internal prototype to avoid an error.
|    Use char because int might match the return type of a GCC
|    builtin and then its argument prototype would still apply.  */
| #ifdef __cplusplus
| extern "C"
| #endif
| char setproctitle ();
| /* The GNU C library defines this for functions which it implements
|     to always fail with ENOSYS.  Some functions are actually named
|     something starting with __ and the normal name is an alias.  */
| #if defined __stub_setproctitle || defined __stub___setproctitle
| choke me
| #endif
| 
| int
| main ()
| {
| return setproctitle ();
|   ;
|   return 0;
| }
configure:7527: result: no
configure:7527: checking for sqlite3_extended_errcode
configure:7527: gcc -o conftest -g -O2 -I/Users/luigi/Library/Developer/Xcode/DerivedData/WiredServer-diuxyepkbhfpstdsraxdsmljpked/SourcePackages/checkouts/OpenSSL/macosx/include -DWI_CORESERVICES -DWI_CARBON -DWI_DIGESTS -DWI_CIPHERS -DWI_PTHREADS -DWI_LIBXML2 -DWI_PLIST -DWI_SQLITE3 -DWI_RSA -DWI_ZLIB -DWI_P7 -L/Users/luigi/Library/Developer/Xcode/DerivedData/WiredServer-diuxyepkbhfpstdsraxdsmljpked/SourcePackages/checkouts/OpenSSL/macosx/lib conftest.c -framework CoreServices -framework Carbon -lxml2 -lsqlite3 -lcrypto -lz >&5
configure:7527: $? = 0
configure:7527: result: yes
configure:7527: checking for sqlite3_prepare_v2
configure:7527: gcc -o conftest -g -O2 -I/Users/luigi/Library/Developer/Xcode/DerivedData/WiredServer-diuxyepkbhfpstdsraxdsmljpked/SourcePackages/checkouts/OpenSSL/macosx/include -DWI_CORESERVICES -DWI_CARBON -DWI_DIGESTS -DWI_CIPHERS -DWI_PTHREADS -DWI_LIBXML2 -DWI_PLIST -DWI_SQLITE3 -DWI_RSA -DWI_ZLIB -DWI_P7 -L/Users/luigi/Library/Developer/Xcode/DerivedData/WiredServer-diuxyepkbhfpstdsraxdsmljpked/SourcePackages/checkouts/OpenSSL/macosx/lib conftest.c -framework CoreServices -framework Carbon -lxml2 -lsqlite3 -lcrypto -lz >&5
configure:7527: $? = 0
configure:7527: result: yes
configure:7527: checking for srandom
configure:7527: gcc -o conftest -g -O2 -I/Users/luigi/Library/Developer/Xcode/DerivedData/WiredServer-diuxyepkbhfpstdsraxdsmljpked/SourcePackages/checkouts/OpenSSL/macosx/include -DWI_CORESERVICES -DWI_CARBON -DWI_DIGESTS -DWI_CIPHERS -DWI_PTHREADS -DWI_LIBXML2 -DWI_PLIST -DWI_SQLITE3 -DWI_RSA -DWI_ZLIB -DWI_P7 -L/Users/luigi/Library/Developer/Xcode/DerivedData/WiredServer-diuxyepkbhfpstdsraxdsmljpked/SourcePackages/checkouts/OpenSSL/macosx/lib conftest.c -framework CoreServices -framework Carbon -lxml2 -lsqlite3 -lcrypto -lz >&5
configure:7527: $? = 0
configure:7527: result: yes
configure:7527: checking for stat64
configure:7527: gcc -o conftest -g -O2 -I/Users/luigi/Library/Developer/Xcode/DerivedData/WiredServer-diuxyepkbhfpstdsraxdsmljpked/SourcePackages/checkouts/OpenSSL/macosx/include -DWI_CORESERVICES -DWI_CARBON -DWI_DIGESTS -DWI_CIPHERS -DWI_PTHREADS -DWI_LIBXML2 -DWI_PLIST -DWI_SQLITE3 -DWI_RSA -DWI_ZLIB -DWI_P7 -L/Users/luigi/Library/Developer/Xcode/DerivedData/WiredServer-diuxyepkbhfpstdsraxdsmljpked/SourcePackages/checkouts/OpenSSL/macosx/lib conftest.c -framework CoreServices -framework Carbon -lxml2 -lsqlite3 -lcrypto -lz >&5
configure:7527: $? = 0
configure:7527: result: yes
configure:7527: checking for statvfs
configure:7527: gcc -o conftest -g -O2 -I/Users/luigi/Library/Developer/Xcode/DerivedData/WiredServer-diuxyepkbhfpstdsraxdsmljpked/SourcePackages/checkouts/OpenSSL/macosx/include -DWI_CORESERVICES -DWI_CARBON -DWI_DIGESTS -DWI_CIPHERS -DWI_PTHREADS -DWI_LIBXML2 -DWI_PLIST -DWI_SQLITE3 -DWI_RSA -DWI_ZLIB -DWI_P7 -L/Users/luigi/Library/Developer/Xcode/DerivedData/WiredServer-diuxyepkbhfpstdsraxdsmljpked/SourcePackages/checkouts/OpenSSL/macosx/lib conftest.c -framework CoreServices -framework Carbon -lxml2 -lsqlite3 -lcrypto -lz >&5
configure:7527: $? = 0
configure:7527: result: yes
configure:7527: checking for strcasestr
configure:7527: gcc -o conftest -g -O2 -I/Users/luigi/Library/Developer/Xcode/DerivedData/WiredServer-diuxyepkbhfpstdsraxdsmljpked/SourcePackages/checkouts/OpenSSL/macosx/include -DWI_CORESERVICES -DWI_CARBON -DWI_DIGESTS -DWI_CIPHERS -DWI_PTHREADS -DWI_LIBXML2 -DWI_PLIST -DWI_SQLITE3 -DWI_RSA -DWI_ZLIB -DWI_P7 -L/Users/luigi/Library/Developer/Xcode/DerivedData/WiredServer-diuxyepkbhfpstdsraxdsmljpked/SourcePackages/checkouts/OpenSSL/macosx/lib conftest.c -framework CoreServices -framework Carbon -lxml2 -lsqlite3 -lcrypto -lz >&5
configure:7527: $? = 0
configure:7527: result: yes
configure:7527: checking for strlcat
configure:7527: gcc -o conftest -g -O2 -I/Users/luigi/Library/Developer/Xcode/DerivedData/WiredServer-diuxyepkbhfpstdsraxdsmljpked/SourcePackages/checkouts/OpenSSL/macosx/include -DWI_CORESERVICES -DWI_CARBON -DWI_DIGESTS -DWI_CIPHERS -DWI_PTHREADS -DWI_LIBXML2 -DWI_PLIST -DWI_SQLITE3 -DWI_RSA -DWI_ZLIB -DWI_P7 -L/Users/luigi/Library/Developer/Xcode/DerivedData/WiredServer-diuxyepkbhfpstdsraxdsmljpked/SourcePackages/checkouts/OpenSSL/macosx/lib conftest.c -framework CoreServices -framework Carbon -lxml2 -lsqlite3 -lcrypto -lz >&5
conftest.c:95:6: warning: incompatible redeclaration of library function 'strlcat' [-Wincompatible-library-redeclaration]
char strlcat ();
     ^
conftest.c:95:6: note: 'strlcat' is a builtin with type 'unsigned long (char *, const char *, unsigned long)'
1 warning generated.
configure:7527: $? = 0
configure:7527: result: yes
configure:7527: checking for strlcpy
configure:7527: gcc -o conftest -g -O2 -I/Users/luigi/Library/Developer/Xcode/DerivedData/WiredServer-diuxyepkbhfpstdsraxdsmljpked/SourcePackages/checkouts/OpenSSL/macosx/include -DWI_CORESERVICES -DWI_CARBON -DWI_DIGESTS -DWI_CIPHERS -DWI_PTHREADS -DWI_LIBXML2 -DWI_PLIST -DWI_SQLITE3 -DWI_RSA -DWI_ZLIB -DWI_P7 -L/Users/luigi/Library/Developer/Xcode/DerivedData/WiredServer-diuxyepkbhfpstdsraxdsmljpked/SourcePackages/checkouts/OpenSSL/macosx/lib conftest.c -framework CoreServices -framework Carbon -lxml2 -lsqlite3 -lcrypto -lz >&5
conftest.c:96:6: warning: incompatible redeclaration of library function 'strlcpy' [-Wincompatible-library-redeclaration]
char strlcpy ();
     ^
conftest.c:96:6: note: 'strlcpy' is a builtin with type 'unsigned long (char *, const char *, unsigned long)'
1 warning generated.
configure:7527: $? = 0
configure:7527: result: yes
configure:7527: checking for strsep
configure:7527: gcc -o conftest -g -O2 -I/Users/luigi/Library/Developer/Xcode/DerivedData/WiredServer-diuxyepkbhfpstdsraxdsmljpked/SourcePackages/checkouts/OpenSSL/macosx/include -DWI_CORESERVICES -DWI_CARBON -DWI_DIGESTS -DWI_CIPHERS -DWI_PTHREADS -DWI_LIBXML2 -DWI_PLIST -DWI_SQLITE3 -DWI_RSA -DWI_ZLIB -DWI_P7 -L/Users/luigi/Library/Developer/Xcode/DerivedData/WiredServer-diuxyepkbhfpstdsraxdsmljpked/SourcePackages/checkouts/OpenSSL/macosx/lib conftest.c -framework CoreServices -framework Carbon -lxml2 -lsqlite3 -lcrypto -lz >&5
configure:7527: $? = 0
configure:7527: result: yes
configure:7527: checking for sysinfo
configure:7527: gcc -o conftest -g -O2 -I/Users/luigi/Library/Developer/Xcode/DerivedData/WiredServer-diuxyepkbhfpstdsraxdsmljpked/SourcePackages/checkouts/OpenSSL/macosx/include -DWI_CORESERVICES -DWI_CARBON -DWI_DIGESTS -DWI_CIPHERS -DWI_PTHREADS -DWI_LIBXML2 -DWI_PLIST -DWI_SQLITE3 -DWI_RSA -DWI_ZLIB -DWI_P7 -L/Users/luigi/Library/Developer/Xcode/DerivedData/WiredServer-diuxyepkbhfpstdsraxdsmljpked/SourcePackages/checkouts/OpenSSL/macosx/lib conftest.c -framework CoreServices -framework Carbon -lxml2 -lsqlite3 -lcrypto -lz >&5
ld: Undefined symbols:
  _sysinfo, referenced from:
      _main in conftest-df8dea.o
clang: error: linker command failed with exit code 1 (use -v to see invocation)
configure:7527: $? = 1
configure: failed program was:
| /* confdefs.h */
| #define PACKAGE_NAME "libwired"
| #define PACKAGE_TARNAME "libwired"
| #define PACKAGE_VERSION "1.0"
| #define PACKAGE_STRING "libwired 1.0"
| #define PACKAGE_BUGREPORT "dev@read-write.fr"
| #define PACKAGE_URL ""
| #define WI_VERSION "1.0"
| #define STDC_HEADERS 1
| #define HAVE_SYS_TYPES_H 1
| #define HAVE_SYS_STAT_H 1
| #define HAVE_STDLIB_H 1
| #define HAVE_STRING_H 1
| #define HAVE_MEMORY_H 1
| #define HAVE_STRINGS_H 1
| #define HAVE_INTTYPES_H 1
| #define HAVE_STDINT_H 1
| #define HAVE_UNISTD_H 1
| #define HAVE_CORESERVICES_CORESERVICES_H 1
| #define HAVE_CARBON_CARBON_H 1
| #define HAVE_COMMONCRYPTO_COMMONDIGEST_H 1
| #define HAVE_COMMONCRYPTO_COMMONCRYPTOR_H 1
| #define HAVE_PTHREAD_H 1
| #define HAVE_LIBXML_PARSER_H 1
| #define HAVE_SQLITE3_H 1
| #define WI_SQLITE_SUPPORTS_BACKUP 1
| #define HAVE_COMMONCRYPTO_COMMONDIGEST_H 1
| #define HAVE_COMMONCRYPTO_COMMONCRYPTOR_H 1
| #define HAVE_OPENSSL_SHA_H 1
| #define HAVE_ZLIB_H 1
| #define HAVE_STRUCT_SOCKADDR_SA_LEN 1
| #define HAVE_STRUCT_SOCKADDR_IN_SIN_LEN 1
| #define HAVE_STRUCT_SOCKADDR_IN6_SIN6_LEN 1
| #define HAVE_SYSLOG_FACILITYNAMES 1
| #define HAVE_STRUCT_STAT_ST_BIRTHTIME 1
| #define HAVE_MACH_O_ARCH_H 1
| #define HAVE_MACHINE_PARAM_H 1
| #define HAVE_SYS_ATTR_H 1
| #define HAVE_SYS_EVENT_H 1
| #define HAVE_SYS_SOCKIO_H 1
| #define HAVE_SYS_STATVFS_H 1
| #define HAVE_SYS_SYSCTL_H 1
| #define HAVE_NETINET_IN_SYSTM_H 1
| #define HAVE_NETINET_IP_H 1
| #define HAVE_GETOPT_H 1
| #define HAVE_IFADDRS_H 1
| #define HAVE_NET_IF_DL_H 1
| #define HAVE_PATHS_H 1
| #define HAVE_EXECINFO_H 1
| #define HAVE_DECL_OPTRESET 1
| #define HAVE_INTMAX_T 1
| #define HAVE_PTRDIFF_T 1
| #define _DARWIN_USE_64_BIT_INODE 1
| #define HAVE_FSEEKO 1
| #define HAVE_MDITEMCREATE 1
| #define HAVE_NXGETLOCALARCHINFO 1
| #define HAVE_BACKTRACE 1
| #define HAVE_DIRFD 1
| #define HAVE_GETIFADDRS 1
| #define HAVE_GETPAGESIZE 1
| #define HAVE_PTHREAD_ATTR_SETSCHEDPOLICY 1
| #define HAVE_QSORT_R 1
| #define HAVE_SCHED_GET_PRIORITY_MAX 1
| #define HAVE_SCHED_GET_PRIORITY_MIN 1
| #define HAVE_SQLITE3_EXTENDED_ERRCODE 1
| #define HAVE_SQLITE3_PREPARE_V2 1
| #define HAVE_SRANDOM 1
| #define HAVE_STAT64 1
| #define HAVE_STATVFS 1
| #define HAVE_STRCASESTR 1
| #define HAVE_STRLCAT 1
| #define HAVE_STRLCPY 1
| #define HAVE_STRSEP 1
| /* end confdefs.h.  */
| /* Define sysinfo to an innocuous variant, in case <limits.h> declares sysinfo.
|    For example, HP-UX 11i <limits.h> declares gettimeofday.  */
| #define sysinfo innocuous_sysinfo
| 
| /* System header to define __stub macros and hopefully few prototypes,
|     which can conflict with char sysinfo (); below.
|     Prefer <limits.h> to <assert.h> if __STDC__ is defined, since
|     <limits.h> exists even on freestanding compilers.  */
| 
| #ifdef __STDC__
| # include <limits.h>
| #else
| # include <assert.h>
| #endif
| 
| #undef sysinfo
| 
| /* Override any GCC internal prototype to avoid an error.
|    Use char because int might match the return type of a GCC
|    builtin and then its argument prototype would still apply.  */
| #ifdef __cplusplus
| extern "C"
| #endif
| char sysinfo ();
| /* The GNU C library defines this for functions which it implements
|     to always fail with ENOSYS.  Some functions are actually named
|     something starting with __ and the normal name is an alias.  */
| #if defined __stub_sysinfo || defined __stub___sysinfo
| choke me
| #endif
| 
| int
| main ()
| {
| return sysinfo ();
|   ;
|   return 0;
| }
configure:7527: result: no
configure:7527: checking for timegm
configure:7527: gcc -o conftest -g -O2 -I/Users/luigi/Library/Developer/Xcode/DerivedData/WiredServer-diuxyepkbhfpstdsraxdsmljpked/SourcePackages/checkouts/OpenSSL/macosx/include -DWI_CORESERVICES -DWI_CARBON -DWI_DIGESTS -DWI_CIPHERS -DWI_PTHREADS -DWI_LIBXML2 -DWI_PLIST -DWI_SQLITE3 -DWI_RSA -DWI_ZLIB -DWI_P7 -L/Users/luigi/Library/Developer/Xcode/DerivedData/WiredServer-diuxyepkbhfpstdsraxdsmljpked/SourcePackages/checkouts/OpenSSL/macosx/lib conftest.c -framework CoreServices -framework Carbon -lxml2 -lsqlite3 -lcrypto -lz >&5
configure:7527: $? = 0
configure:7527: result: yes
configure:7527: checking for vasprintf
configure:7527: gcc -o conftest -g -O2 -I/Users/luigi/Library/Developer/Xcode/DerivedData/WiredServer-diuxyepkbhfpstdsraxdsmljpked/SourcePackages/checkouts/OpenSSL/macosx/include -DWI_CORESERVICES -DWI_CARBON -DWI_DIGESTS -DWI_CIPHERS -DWI_PTHREADS -DWI_LIBXML2 -DWI_PLIST -DWI_SQLITE3 -DWI_RSA -DWI_ZLIB -DWI_P7 -L/Users/luigi/Library/Developer/Xcode/DerivedData/WiredServer-diuxyepkbhfpstdsraxdsmljpked/SourcePackages/checkouts/OpenSSL/macosx/lib conftest.c -framework CoreServices -framework Carbon -lxml2 -lsqlite3 -lcrypto -lz >&5
conftest.c:110:19: warning: format string missing [-Wformat]
return vasprintf ();
       ~~~~~~~~~  ^
1 warning generated.
configure:7527: $? = 0
configure:7527: result: yes
configure:7527: checking for vfprintf
configure:7527: gcc -o conftest -g -O2 -I/Users/luigi/Library/Developer/Xcode/DerivedData/WiredServer-diuxyepkbhfpstdsraxdsmljpked/SourcePackages/checkouts/OpenSSL/macosx/include -DWI_CORESERVICES -DWI_CARBON -DWI_DIGESTS -DWI_CIPHERS -DWI_PTHREADS -DWI_LIBXML2 -DWI_PLIST -DWI_SQLITE3 -DWI_RSA -DWI_ZLIB -DWI_P7 -L/Users/luigi/Library/Developer/Xcode/DerivedData/WiredServer-diuxyepkbhfpstdsraxdsmljpked/SourcePackages/checkouts/OpenSSL/macosx/lib conftest.c -framework CoreServices -framework Carbon -lxml2 -lsqlite3 -lcrypto -lz >&5
conftest.c:100:6: warning: declaration of built-in function 'vfprintf' requires inclusion of the header <stdio.h> [-Wbuiltin-requires-header]
char vfprintf ();
     ^
1 warning generated.
configure:7527: $? = 0
configure:7527: result: yes
configure:7660: creating ./config.status

## ---------------------- ##
## Running config.status. ##
## ---------------------- ##

This file was extended by libwired config.status 1.0, which was
generated by GNU Autoconf 2.69.  Invocation command line was

  CONFIG_FILES    = 
  CONFIG_HEADERS  = 
  CONFIG_LINKS    = 
  CONFIG_COMMANDS = 
  $ ./config.status 

on M2-3.fritz.box

config.status:875: creating Makefile
config.status:875: creating p7/examples/Makefile
config.status:875: creating config.h
config.status:1050: config.h is unchanged

## ---------------- ##
## Cache variables. ##
## ---------------- ##

ac_cv_build=aarch64-unknown-none
ac_cv_c_compiler_gnu=yes
ac_cv_env_CC_set=
ac_cv_env_CC_value=
ac_cv_env_CFLAGS_set=
ac_cv_env_CFLAGS_value=
ac_cv_env_CPPFLAGS_set=set
ac_cv_env_CPPFLAGS_value=-I/Users/luigi/Library/Developer/Xcode/DerivedData/WiredServer-diuxyepkbhfpstdsraxdsmljpked/SourcePackages/checkouts/OpenSSL/macosx/include
ac_cv_env_CPP_set=
ac_cv_env_CPP_value=
ac_cv_env_LDFLAGS_set=set
ac_cv_env_LDFLAGS_value=-L/Users/luigi/Library/Developer/Xcode/DerivedData/WiredServer-diuxyepkbhfpstdsraxdsmljpked/SourcePackages/checkouts/OpenSSL/macosx/lib
ac_cv_env_LIBS_set=
ac_cv_env_LIBS_value=
ac_cv_env_build_alias_set=set
ac_cv_env_build_alias_value=aarch64
ac_cv_env_host_alias_set=set
ac_cv_env_host_alias_value=aarch64
ac_cv_env_target_alias_set=
ac_cv_env_target_alias_value=
ac_cv_func_MDItemCreate=yes
ac_cv_func_NXGetLocalArchInfo=yes
ac_cv_func_backtrace=yes
ac_cv_func_dirfd=yes
ac_cv_func_gethostent=yes
ac_cv_func_getifaddrs=yes
ac_cv_func_getpagesize=yes
ac_cv_func_herror=yes
ac_cv_func_pow=yes
ac_cv_func_pthread_attr_setschedpolicy=yes
ac_cv_func_qsort_r=yes
ac_cv_func_sched_get_priority_max=yes
ac_cv_func_sched_get_priority_min=yes
ac_cv_func_setproctitle=no
ac_cv_func_setsockopt=yes
ac_cv_func_sqlite3_extended_errcode=yes
ac_cv_func_sqlite3_prepare_v2=yes
ac_cv_func_srandom=yes
ac_cv_func_stat64=yes
ac_cv_func_statvfs=yes
ac_cv_func_strcasestr=yes
ac_cv_func_strlcat=yes
ac_cv_func_strlcpy=yes
ac_cv_func_strsep=yes
ac_cv_func_sysinfo=no
ac_cv_func_timegm=yes
ac_cv_func_vasprintf=yes
ac_cv_func_vfprintf=yes
ac_cv_have_decl_facilitynames=yes
ac_cv_have_decl_optreset=yes
ac_cv_header_Carbon_Carbon_h=yes
ac_cv_header_CommonCrypto_CommonCryptor_h=yes
ac_cv_header_CommonCrypto_CommonDigest_h=yes
ac_cv_header_CoreServices_CoreServices_h=yes
ac_cv_header_execinfo_h=yes
ac_cv_header_getopt_h=yes
ac_cv_header_ifaddrs_h=yes
ac_cv_header_inotifytools_inotify_h=no
ac_cv_header_inttypes_h=yes
ac_cv_header_libxml_parser_h=yes
ac_cv_header_mach_o_arch_h=yes
ac_cv_header_machine_param_h=yes
ac_cv_header_memory_h=yes
ac_cv_header_net_if_dl_h=yes
ac_cv_header_netinet_in_systm_h=yes
ac_cv_header_netinet_ip_h=yes
ac_cv_header_openssl_sha_h=yes
ac_cv_header_paths_h=yes
ac_cv_header_pthread_h=yes
ac_cv_header_sqlite3_h=yes
ac_cv_header_stdc=yes
ac_cv_header_stdint_h=yes
ac_cv_header_stdlib_h=yes
ac_cv_header_string_h=yes
ac_cv_header_strings_h=yes
ac_cv_header_sys_attr_h=yes
ac_cv_header_sys_event_h=yes
ac_cv_header_sys_inotify_h=no
ac_cv_header_sys_sockio_h=yes
ac_cv_header_sys_stat_h=yes
ac_cv_header_sys_statfs_h=no
ac_cv_header_sys_statvfs_h=yes
ac_cv_header_sys_sysctl_h=yes
ac_cv_header_sys_systeminfo_h=no
ac_cv_header_sys_types_h=yes
ac_cv_header_unistd_h=yes
ac_cv_header_zlib_h=yes
ac_cv_host=aarch64-unknown-none
ac_cv_lib_crypto_SHA1_Init=yes
ac_cv_lib_sqlite3_sqlite3_backup_init=yes
ac_cv_lib_sqlite3_sqlite3_open=yes
ac_cv_lib_xml2_xmlParseFile=yes
ac_cv_lib_z_deflate=yes
ac_cv_member_DIR_d_fd=no
ac_cv_member_DIR_dd_fd=no
ac_cv_member_struct_sockaddr_in6_sin6_len=yes
ac_cv_member_struct_sockaddr_in_sin_len=yes
ac_cv_member_struct_sockaddr_sa_len=yes
ac_cv_member_struct_stat64_st_birthtime=no
ac_cv_member_struct_stat_st_birthtime=yes
ac_cv_objext=o
ac_cv_path_EGREP='/usr/bin/grep -E'
ac_cv_path_GREP=/usr/bin/grep
ac_cv_path_install='/usr/bin/install -c'
ac_cv_prog_CPP='gcc -E'
ac_cv_prog_ac_ct_CC=gcc
ac_cv_prog_cc_c89=
ac_cv_prog_cc_g=yes
ac_cv_prog_make_make_set=yes
ac_cv_sys_file_offset_bits=no
ac_cv_sys_largefile_CC=no
ac_cv_sys_largefile_source=no
ac_cv_type_intmax_t=yes
ac_cv_type_ptrdiff_t=yes

## ----------------- ##
## Output variables. ##
## ----------------- ##

CC='gcc'
CFLAGS='-g -O2'
CPP='gcc -E'
CPPFLAGS='-I/Users/luigi/Library/Developer/Xcode/DerivedData/WiredServer-diuxyepkbhfpstdsraxdsmljpked/SourcePackages/checkouts/OpenSSL/macosx/include -DWI_CORESERVICES -DWI_CARBON -DWI_DIGESTS -DWI_CIPHERS -DWI_PTHREADS -DWI_LIBXML2 -DWI_PLIST -DWI_SQLITE3 -DWI_RSA -DWI_ZLIB -DWI_P7'
DEFS='-DHAVE_CONFIG_H'
ECHO_C='\c'
ECHO_N=''
ECHO_T=''
EGREP='/usr/bin/grep -E'
EXEEXT=''
GREP='/usr/bin/grep'
INSTALL_DATA='${INSTALL} -m 644'
INSTALL_PROGRAM='${INSTALL}'
INSTALL_SCRIPT='${INSTALL}'
LDFLAGS='-L/Users/luigi/Library/Developer/Xcode/DerivedData/WiredServer-diuxyepkbhfpstdsraxdsmljpked/SourcePackages/checkouts/OpenSSL/macosx/lib'
LIBOBJS=''
LIBS='-framework CoreServices -framework Carbon -lxml2 -lsqlite3 -lcrypto -lz'
LTLIBOBJS=''
OBJEXT='o'
PACKAGE_BUGREPORT='dev@read-write.fr'
PACKAGE_NAME='libwired'
PACKAGE_STRING='libwired 1.0'
PACKAGE_TARNAME='libwired'
PACKAGE_URL=''
PACKAGE_VERSION='1.0'
PATH_SEPARATOR=':'
SET_MAKE=''
SHELL='/bin/sh'
WI_MAINTAINER='0'
WI_VERSION='1.0'
ac_ct_CC='gcc'
bindir='${exec_prefix}/bin'
build='aarch64-unknown-none'
build_alias='aarch64'
build_cpu='aarch64'
build_os='none'
build_vendor='unknown'
datadir='${datarootdir}'
datarootdir='${prefix}/share'
docdir='${datarootdir}/doc/${PACKAGE_TARNAME}'
dvidir='${docdir}'
exec_prefix='${prefix}'
host='aarch64-unknown-none'
host_alias='aarch64'
host_cpu='aarch64'
host_os='none'
host_vendor='unknown'
htmldir='${docdir}'
includedir='${prefix}/include'
infodir='${datarootdir}/info'
libdir='${exec_prefix}/lib'
libexecdir='${exec_prefix}/libexec'
localedir='${datarootdir}/locale'
localstatedir='${prefix}/var'
mandir='${datarootdir}/man'
objdir='../obj'
oldincludedir='/usr/include'
pdfdir='${docdir}'
prefix='/usr/local'
program_transform_name='s,x,x,'
psdir='${docdir}'
rundir='../run/libwired'
sbindir='${exec_prefix}/sbin'
sharedstatedir='${prefix}/com'
sysconfdir='${prefix}/etc'
target_alias=''

## ----------- ##
## confdefs.h. ##
## ----------- ##

/* confdefs.h */
#define PACKAGE_NAME "libwired"
#define PACKAGE_TARNAME "libwired"
#define PACKAGE_VERSION "1.0"
#define PACKAGE_STRING "libwired 1.0"
#define PACKAGE_BUGREPORT "dev@read-write.fr"
#define PACKAGE_URL ""
#define WI_VERSION "1.0"
#define STDC_HEADERS 1
#define HAVE_SYS_TYPES_H 1
#define HAVE_SYS_STAT_H 1
#define HAVE_STDLIB_H 1
#define HAVE_STRING_H 1
#define HAVE_MEMORY_H 1
#define HAVE_STRINGS_H 1
#define HAVE_INTTYPES_H 1
#define HAVE_STDINT_H 1
#define HAVE_UNISTD_H 1
#define HAVE_CORESERVICES_CORESERVICES_H 1
#define HAVE_CARBON_CARBON_H 1
#define HAVE_COMMONCRYPTO_COMMONDIGEST_H 1
#define HAVE_COMMONCRYPTO_COMMONCRYPTOR_H 1
#define HAVE_PTHREAD_H 1
#define HAVE_LIBXML_PARSER_H 1
#define HAVE_SQLITE3_H 1
#define WI_SQLITE_SUPPORTS_BACKUP 1
#define HAVE_COMMONCRYPTO_COMMONDIGEST_H 1
#define HAVE_COMMONCRYPTO_COMMONCRYPTOR_H 1
#define HAVE_OPENSSL_SHA_H 1
#define HAVE_ZLIB_H 1
#define HAVE_STRUCT_SOCKADDR_SA_LEN 1
#define HAVE_STRUCT_SOCKADDR_IN_SIN_LEN 1
#define HAVE_STRUCT_SOCKADDR_IN6_SIN6_LEN 1
#define HAVE_SYSLOG_FACILITYNAMES 1
#define HAVE_STRUCT_STAT_ST_BIRTHTIME 1
#define HAVE_MACH_O_ARCH_H 1
#define HAVE_MACHINE_PARAM_H 1
#define HAVE_SYS_ATTR_H 1
#define HAVE_SYS_EVENT_H 1
#define HAVE_SYS_SOCKIO_H 1
#define HAVE_SYS_STATVFS_H 1
#define HAVE_SYS_SYSCTL_H 1
#define HAVE_NETINET_IN_SYSTM_H 1
#define HAVE_NETINET_IP_H 1
#define HAVE_GETOPT_H 1
#define HAVE_IFADDRS_H 1
#define HAVE_NET_IF_DL_H 1
#define HAVE_PATHS_H 1
#define HAVE_EXECINFO_H 1
#define HAVE_DECL_OPTRESET 1
#define HAVE_INTMAX_T 1
#define HAVE_PTRDIFF_T 1
#define _DARWIN_USE_64_BIT_INODE 1
#define HAVE_FSEEKO 1
#define HAVE_MDITEMCREATE 1
#define HAVE_NXGETLOCALARCHINFO 1
#define HAVE_BACKTRACE 1
#define HAVE_DIRFD 1
#define HAVE_GETIFADDRS 1
#define HAVE_GETPAGESIZE 1
#define HAVE_PTHREAD_ATTR_SETSCHEDPOLICY 1
#define HAVE_QSORT_R 1
#define HAVE_SCHED_GET_PRIORITY_MAX 1
#define HAVE_SCHED_GET_PRIORITY_MIN 1
#define HAVE_SQLITE3_EXTENDED_ERRCODE 1
#define HAVE_SQLITE3_PREPARE_V2 1
#define HAVE_SRANDOM 1
#define HAVE_STAT64 1
#define HAVE_STATVFS 1
#define HAVE_STRCASESTR 1
#define HAVE_STRLCAT 1
#define HAVE_STRLCPY 1
#define HAVE_STRSEP 1
#define HAVE_TIMEGM 1
#define HAVE_VASPRINTF 1
#define HAVE_VFPRINTF 1

configure: exit 0
